Using pre-set license
Built from '2020.3/staging' branch; Version is '2020.3.8f1 (507919d4fff5) revision 5273881'; Using compiler version '192528614'; Build Type 'Release'
OS: 'Windows 10 Home; OS build 19042.985; Version 2009; 64bit' Language: 'en' Physical Memory: 8066 MB
BatchMode: 1, IsHumanControllingUs: 0, StartBugReporterOnCrash: 0, Is64bit: 1, IsPro: 0

 COMMAND LINE ARGUMENTS:
D:\Unity\2020.3.8f1\Editor\Unity.exe
-adb2
-batchMode
-noUpm
-name
AssetImportWorker0
-projectPath
D:/Unity/Unity_Projects/Unity Learn/Prototype 2
-logFile
Logs/AssetImportWorker0.log
-srvPort
53369
Successfully changed project path to: D:/Unity/Unity_Projects/Unity Learn/Prototype 2
D:/Unity/Unity_Projects/Unity Learn/Prototype 2
Using Asset Import Pipeline V2.
Refreshing native plugins compatible for Editor in 43.16 ms, found 0 plugins.
Preloading 0 native plugins for Editor in 0.00 ms.
Initialize engine version: 2020.3.8f1 (507919d4fff5)
[Subsystems] Discovering subsystems at path D:/Unity/2020.3.8f1/Editor/Data/Resources/UnitySubsystems
[Subsystems] Discovering subsystems at path D:/Unity/Unity_Projects/Unity Learn/Prototype 2/Assets
GfxDevice: creating device client; threaded=0
Direct3D:
    Version:  Direct3D 11.0 [level 11.1]
    Renderer: NVIDIA GeForce RTX 2070 with Max-Q Design (ID=0x1f50)
    Vendor:   
    VRAM:     8031 MB
    Driver:   27.21.14.6627
Initialize mono
Mono path[0] = 'D:/Unity/2020.3.8f1/Editor/Data/Managed'
Mono path[1] = 'D:/Unity/2020.3.8f1/Editor/Data/MonoBleedingEdge/lib/mono/unityjit'
Mono config path = 'D:/Unity/2020.3.8f1/Editor/Data/MonoBleedingEdge/etc'
Using monoOptions --debugger-agent=transport=dt_socket,embedding=1,server=y,suspend=n,address=127.0.0.1:56272
Begin MonoManager ReloadAssembly
Registering precompiled unity dll's ...
Register platform support module: D:/Unity/2020.3.8f1/Editor/Data/PlaybackEngines/WindowsStandaloneSupport/UnityEditor.WindowsStandalone.Extensions.dll
Registered in 0.004413 seconds.
Native extension for WindowsStandalone target not found
Refreshing native plugins compatible for Editor in 42.87 ms, found 0 plugins.
Preloading 0 native plugins for Editor in 0.00 ms.
Mono: successfully reloaded assembly
- Completed reload, in  2.394 seconds
Platform modules already initialized, skipping
Registering precompiled user dll's ...
Registered in 0.001123 seconds.
Begin MonoManager ReloadAssembly
Native extension for WindowsStandalone target not found
Refreshing native plugins compatible for Editor in 0.32 ms, found 0 plugins.
Preloading 0 native plugins for Editor in 0.00 ms.
Mono: successfully reloaded assembly
- Completed reload, in  1.708 seconds
Platform modules already initialized, skipping
========================================================================
Worker process is ready to serve import requests
Launched and connected shader compiler UnityShaderCompiler.exe after 0.11 seconds
Refreshing native plugins compatible for Editor in 0.32 ms, found 0 plugins.
Preloading 0 native plugins for Editor in 0.00 ms.
Unloading 1115 Unused Serialized files (Serialized files now loaded: 0)
System memory in use before: 57.1 MB.
System memory in use after: 57.2 MB.

Unloading 10 unused Assets to reduce memory usage. Loaded Objects now: 1557.
Total: 2.441000 ms (FindLiveObjects: 0.199300 ms CreateObjectMapping: 0.054500 ms MarkObjects: 2.071600 ms  DeleteObjects: 0.114000 ms)

========================================================================
Received Import Request.
  path: Assets/Scenes/Prototype 2.unity
  artifactKey: Guid(f0196d95ff9244ffaa65879ba7824fd4) Importer(815301076,1909f56bfc062723c751e8b465ee728b)
Start importing Assets/Scenes/Prototype 2.unity using Guid(f0196d95ff9244ffaa65879ba7824fd4) Importer(815301076,1909f56bfc062723c751e8b465ee728b)  -> (artifact id: '558dc2f3d3a1e0e7b4cae2120e4714f9') in 0.069036 seconds
  Import took 0.072601 seconds .

========================================================================
Received Import Request.
  Time since last request: 0.000685 seconds.
  path: Assets/Scenes
  artifactKey: Guid(486e5ade138f4f146bd96518da76bcee) Importer(815301076,1909f56bfc062723c751e8b465ee728b)
Start importing Assets/Scenes using Guid(486e5ade138f4f146bd96518da76bcee) Importer(815301076,1909f56bfc062723c751e8b465ee728b)  -> (artifact id: '90211ec18b5edadd03742f64ede9303c') in 0.014529 seconds
  Import took 0.018884 seconds .

========================================================================
Received Import Request.
  Time since last request: 0.368515 seconds.
  path: Assets/Scenes/Prototype 2.unity
  artifactKey: Guid(f0196d95ff9244ffaa65879ba7824fd4) Importer(815301076,1909f56bfc062723c751e8b465ee728b)
Start importing Assets/Scenes/Prototype 2.unity using Guid(f0196d95ff9244ffaa65879ba7824fd4) Importer(815301076,1909f56bfc062723c751e8b465ee728b)  -> (artifact id: '558dc2f3d3a1e0e7b4cae2120e4714f9') in 0.003729 seconds
  Import took 0.006988 seconds .

========================================================================
Received Import Request.
  Time since last request: 1.953353 seconds.
  path: Assets/Scenes/SampleScene.unity
  artifactKey: Guid(9fc0d4010bbf28b4594072e72b8655ab) Importer(815301076,1909f56bfc062723c751e8b465ee728b)
Start importing Assets/Scenes/SampleScene.unity using Guid(9fc0d4010bbf28b4594072e72b8655ab) Importer(815301076,1909f56bfc062723c751e8b465ee728b)  -> (artifact id: '85059f4f9e1a832ed95adaa0d25c5c4c') in 0.010572 seconds
  Import took 0.892872 seconds .

========================================================================
Received Import Request.
  Time since last request: 28.907497 seconds.
  path: Assets/Course Library/Humans/SimpleFarmer_Man_01_Black.prefab
  artifactKey: Guid(f8abbdd178867d2419ba9feb6ff2cba0) Importer(815301076,1909f56bfc062723c751e8b465ee728b)
Start importing Assets/Course Library/Humans/SimpleFarmer_Man_01_Black.prefab using Guid(f8abbdd178867d2419ba9feb6ff2cba0) Importer(815301076,1909f56bfc062723c751e8b465ee728b)  -> (artifact id: 'ed99c7a4f7c1c0a07942bd43269a4f8b') in 2.058233 seconds
  Import took 2.063952 seconds .

========================================================================
Received Import Request.
  Time since last request: 0.000375 seconds.
  path: Assets/Course Library/Humans/SimpleFarmer_Man_02_Brown.prefab
  artifactKey: Guid(814f4326a50812947b2469896d89a215) Importer(815301076,1909f56bfc062723c751e8b465ee728b)
Start importing Assets/Course Library/Humans/SimpleFarmer_Man_02_Brown.prefab using Guid(814f4326a50812947b2469896d89a215) Importer(815301076,1909f56bfc062723c751e8b465ee728b)  -> (artifact id: '309b792b36c018637bfafb489afb76a9') in 0.062971 seconds
  Import took 0.068713 seconds .

========================================================================
Received Import Request.
  Time since last request: 0.000375 seconds.
  path: Assets/Course Library/Humans/SimpleFarmer_Man_01_Brown.prefab
  artifactKey: Guid(6f52b946693e54048af74f5cd6ba49f8) Importer(815301076,1909f56bfc062723c751e8b465ee728b)
Start importing Assets/Course Library/Humans/SimpleFarmer_Man_01_Brown.prefab using Guid(6f52b946693e54048af74f5cd6ba49f8) Importer(815301076,1909f56bfc062723c751e8b465ee728b)  -> (artifact id: '84f8fe38aa7d297a21b945728a89940a') in 0.061508 seconds
  Import took 0.068745 seconds .

========================================================================
Received Import Request.
  Time since last request: 0.000406 seconds.
  path: Assets/Course Library/Humans/SimpleFarmer_Woman_02_Brown.prefab
  artifactKey: Guid(f3f69bcf5a1514c458ed5c9b96f28e34) Importer(815301076,1909f56bfc062723c751e8b465ee728b)
Start importing Assets/Course Library/Humans/SimpleFarmer_Woman_02_Brown.prefab using Guid(f3f69bcf5a1514c458ed5c9b96f28e34) Importer(815301076,1909f56bfc062723c751e8b465ee728b)  -> (artifact id: '8528eb9ea8b5f55076e1cec5099a9d15') in 0.063255 seconds
  Import took 0.068987 seconds .

========================================================================
Received Import Request.
  Time since last request: 0.000298 seconds.
  path: Assets/Course Library/Humans/SimpleFarmer_Woman_02_White.prefab
  artifactKey: Guid(3cf7f489270aac84fb12901330960a5b) Importer(815301076,1909f56bfc062723c751e8b465ee728b)
Start importing Assets/Course Library/Humans/SimpleFarmer_Woman_02_White.prefab using Guid(3cf7f489270aac84fb12901330960a5b) Importer(815301076,1909f56bfc062723c751e8b465ee728b)  -> (artifact id: '71be9cbe324913a68a0e56f3997ce64d') in 0.055905 seconds
  Import took 0.061623 seconds .

========================================================================
Received Import Request.
  Time since last request: 0.000264 seconds.
  path: Assets/Course Library/Humans/SimpleFarmer_Man_02_Black.prefab
  artifactKey: Guid(fc01a3bb589cebc4aa10892db165243b) Importer(815301076,1909f56bfc062723c751e8b465ee728b)
Start importing Assets/Course Library/Humans/SimpleFarmer_Man_02_Black.prefab using Guid(fc01a3bb589cebc4aa10892db165243b) Importer(815301076,1909f56bfc062723c751e8b465ee728b)  -> (artifact id: '02cca7e1f575b83ddfe3d9fc28f9c52e') in 0.062200 seconds
  Import took 0.067905 seconds .

========================================================================
Received Import Request.
  Time since last request: 0.000334 seconds.
  path: Assets/Course Library/Humans/SimpleFarmer_Woman_01_Black.prefab
  artifactKey: Guid(0e1316a3e46fdb349b6ff648610a1d71) Importer(815301076,1909f56bfc062723c751e8b465ee728b)
Start importing Assets/Course Library/Humans/SimpleFarmer_Woman_01_Black.prefab using Guid(0e1316a3e46fdb349b6ff648610a1d71) Importer(815301076,1909f56bfc062723c751e8b465ee728b)  -> (artifact id: '4ff7bfd42585e13c266d607049ddc5d6') in 0.054955 seconds
  Import took 0.060557 seconds .

========================================================================
Received Import Request.
  Time since last request: 0.000343 seconds.
  path: Assets/Course Library/Humans/SimpleFarmer_Woman_01_Brown.prefab
  artifactKey: Guid(610afbb40c4385d42aa33adfe3531f0a) Importer(815301076,1909f56bfc062723c751e8b465ee728b)
Start importing Assets/Course Library/Humans/SimpleFarmer_Woman_01_Brown.prefab using Guid(610afbb40c4385d42aa33adfe3531f0a) Importer(815301076,1909f56bfc062723c751e8b465ee728b)  -> (artifact id: '54e5cec6d3825d13c263ee6f2b45ba14') in 0.055260 seconds
  Import took 0.061053 seconds .

========================================================================
Received Import Request.
  Time since last request: 0.000359 seconds.
  path: Assets/Course Library/Humans/SimpleFarmer_Woman_01_White.prefab
  artifactKey: Guid(7169122e91e1981469b2b6045ddf7963) Importer(815301076,1909f56bfc062723c751e8b465ee728b)
Start importing Assets/Course Library/Humans/SimpleFarmer_Woman_01_White.prefab using Guid(7169122e91e1981469b2b6045ddf7963) Importer(815301076,1909f56bfc062723c751e8b465ee728b)  -> (artifact id: '23efb5c12bf72b8050c0397bc637b132') in 0.057844 seconds
  Import took 0.063482 seconds .

========================================================================
Received Import Request.
  Time since last request: 0.000377 seconds.
  path: Assets/Course Library/Humans/SimpleFarmer_Man_02_White.prefab
  artifactKey: Guid(7b6675de545141649953fd8adec4561b) Importer(815301076,1909f56bfc062723c751e8b465ee728b)
Start importing Assets/Course Library/Humans/SimpleFarmer_Man_02_White.prefab using Guid(7b6675de545141649953fd8adec4561b) Importer(815301076,1909f56bfc062723c751e8b465ee728b)  -> (artifact id: '16bfa05d8b6c9897761a8e4e4443b17e') in 0.055185 seconds
  Import took 0.078858 seconds .

========================================================================
Received Import Request.
  Time since last request: 0.000366 seconds.
  path: Assets/Course Library/Humans/SimpleFarmer_Man_01_White.prefab
  artifactKey: Guid(3bd8a450fcb589542a7843ea7bda2ee6) Importer(815301076,1909f56bfc062723c751e8b465ee728b)
Start importing Assets/Course Library/Humans/SimpleFarmer_Man_01_White.prefab using Guid(3bd8a450fcb589542a7843ea7bda2ee6) Importer(815301076,1909f56bfc062723c751e8b465ee728b)  -> (artifact id: 'df60c64b8796bdd541c2b986bef4e077') in 0.058643 seconds
  Import took 0.072080 seconds .

========================================================================
Received Import Request.
  Time since last request: 0.000344 seconds.
  path: Assets/Course Library/Humans/SimpleFarmer_Woman_02_Black.prefab
  artifactKey: Guid(2af1fa464b69e4c4cb1a408373c7d971) Importer(815301076,1909f56bfc062723c751e8b465ee728b)
Start importing Assets/Course Library/Humans/SimpleFarmer_Woman_02_Black.prefab using Guid(2af1fa464b69e4c4cb1a408373c7d971) Importer(815301076,1909f56bfc062723c751e8b465ee728b)  -> (artifact id: '53e3a261204992a9814eede48e4c5362') in 0.055694 seconds
  Import took 0.061494 seconds .

========================================================================
Received Import Request.
  Time since last request: 28.922186 seconds.
  path: Assets/Course Library
  artifactKey: Guid(25578b6797e2e45dd96589e9fc43c077) Importer(815301076,1909f56bfc062723c751e8b465ee728b)
Start importing Assets/Course Library using Guid(25578b6797e2e45dd96589e9fc43c077) Importer(815301076,1909f56bfc062723c751e8b465ee728b)  -> (artifact id: '1d4318d03a93f840292d3cab26a752ce') in 0.009183 seconds
  Import took 0.160892 seconds .

========================================================================
Received Import Request.
  Time since last request: 8.154695 seconds.
  path: Assets/Course Library/Materials
  artifactKey: Guid(ad3a603cc86ae4a379e0528b7bfd13be) Importer(815301076,1909f56bfc062723c751e8b465ee728b)
Start importing Assets/Course Library/Materials using Guid(ad3a603cc86ae4a379e0528b7bfd13be) Importer(815301076,1909f56bfc062723c751e8b465ee728b)  -> (artifact id: '17404092f44b1a2e9b252fa8f110ccb5') in 0.009709 seconds
  Import took 0.012505 seconds .

========================================================================
Received Import Request.
  Time since last request: 0.514989 seconds.
  path: Assets/Course Library/Animals
  artifactKey: Guid(2a233e3b8000d4cfab4341947c776ae3) Importer(815301076,1909f56bfc062723c751e8b465ee728b)
Start importing Assets/Course Library/Animals using Guid(2a233e3b8000d4cfab4341947c776ae3) Importer(815301076,1909f56bfc062723c751e8b465ee728b)  -> (artifact id: 'd7b9ebe4c8cd41b19667d3ca4e8fe1d3') in 0.009659 seconds
  Import took 0.012430 seconds .

========================================================================
Received Import Request.
  Time since last request: 9.523156 seconds.
  path: Assets/Course Library/Humans
  artifactKey: Guid(f09165a6113c3484f84f5d06d40147ec) Importer(815301076,1909f56bfc062723c751e8b465ee728b)
Start importing Assets/Course Library/Humans using Guid(f09165a6113c3484f84f5d06d40147ec) Importer(815301076,1909f56bfc062723c751e8b465ee728b)  -> (artifact id: '5ab24ca66d828051ed7ef9a502178da6') in 0.011753 seconds
  Import took 0.014754 seconds .

========================================================================
Received Import Request.
  Time since last request: 21.347218 seconds.
  path: Assets/Course Library/Animals/Forest
  artifactKey: Guid(305561f73a33c4b6c8ed58fdafd88cdf) Importer(815301076,1909f56bfc062723c751e8b465ee728b)
Start importing Assets/Course Library/Animals/Forest using Guid(305561f73a33c4b6c8ed58fdafd88cdf) Importer(815301076,1909f56bfc062723c751e8b465ee728b)  -> (artifact id: 'de8cc5bd9b8d577276650f5203037156') in 0.009520 seconds
  Import took 0.012492 seconds .

========================================================================
Received Import Request.
  Time since last request: 0.062203 seconds.
  path: Assets/Course Library/Animals/Forest/Animal_Doe_01.prefab
  artifactKey: Guid(06aceaf909fec8f4081af49b1eea892e) Importer(815301076,1909f56bfc062723c751e8b465ee728b)
Start importing Assets/Course Library/Animals/Forest/Animal_Doe_01.prefab using Guid(06aceaf909fec8f4081af49b1eea892e) Importer(815301076,1909f56bfc062723c751e8b465ee728b)  -> (artifact id: '44c00fafa52f6aa1661e51661a4c1fe2') in 0.200181 seconds
  Import took 0.204372 seconds .

========================================================================
Received Import Request.
  Time since last request: 0.000438 seconds.
  path: Assets/Course Library/Animals/Forest/Animal_Fox_01.prefab
  artifactKey: Guid(e3245acddde40bf49aa555d6bdc14998) Importer(815301076,1909f56bfc062723c751e8b465ee728b)
Start importing Assets/Course Library/Animals/Forest/Animal_Fox_01.prefab using Guid(e3245acddde40bf49aa555d6bdc14998) Importer(815301076,1909f56bfc062723c751e8b465ee728b)  -> (artifact id: 'cdceb8589aa9d82a7ec329cdefaf3f54') in 0.036789 seconds
  Import took 0.040612 seconds .

========================================================================
Received Import Request.
  Time since last request: 0.000366 seconds.
  path: Assets/Course Library/Animals/Forest/Animal_Stag_02.prefab
  artifactKey: Guid(e2b54f18a442ae84cb37b05e649edfc0) Importer(815301076,1909f56bfc062723c751e8b465ee728b)
Start importing Assets/Course Library/Animals/Forest/Animal_Stag_02.prefab using Guid(e2b54f18a442ae84cb37b05e649edfc0) Importer(815301076,1909f56bfc062723c751e8b465ee728b)  -> (artifact id: '9f2455b224f0ee7acdbd8a5908a266a0') in 0.033201 seconds
  Import took 0.036774 seconds .

========================================================================
Received Import Request.
  Time since last request: 0.000390 seconds.
  path: Assets/Course Library/Animals/Forest/Animal_Moose_01.prefab
  artifactKey: Guid(72d1e1ec46e639c47a81658b0d9e230e) Importer(815301076,1909f56bfc062723c751e8b465ee728b)
Start importing Assets/Course Library/Animals/Forest/Animal_Moose_01.prefab using Guid(72d1e1ec46e639c47a81658b0d9e230e) Importer(815301076,1909f56bfc062723c751e8b465ee728b)  -> (artifact id: '45f4c9c53a938a329216f3d3363e6cdd') in 0.033258 seconds
  Import took 0.036777 seconds .

========================================================================
Received Import Request.
  Time since last request: 0.000570 seconds.
  path: Assets/Course Library/Animals/Forest/Animal_Moose_02.prefab
  artifactKey: Guid(02eca77e7e6a2ec41ba4c68f20e26098) Importer(815301076,1909f56bfc062723c751e8b465ee728b)
Start importing Assets/Course Library/Animals/Forest/Animal_Moose_02.prefab using Guid(02eca77e7e6a2ec41ba4c68f20e26098) Importer(815301076,1909f56bfc062723c751e8b465ee728b)  -> (artifact id: '1ed2b627fc5efeb43abbcac59162706f') in 0.031166 seconds
  Import took 0.035161 seconds .

========================================================================
Received Import Request.
  Time since last request: 0.000335 seconds.
  path: Assets/Course Library/Animals/Forest/Animal_Stag_01.prefab
  artifactKey: Guid(ff249e9534924c744bdfa6a3d2d1746c) Importer(815301076,1909f56bfc062723c751e8b465ee728b)
Start importing Assets/Course Library/Animals/Forest/Animal_Stag_01.prefab using Guid(ff249e9534924c744bdfa6a3d2d1746c) Importer(815301076,1909f56bfc062723c751e8b465ee728b)  -> (artifact id: '16542f0913a3643f776083e270c0bba6') in 0.032821 seconds
  Import took 0.036949 seconds .

========================================================================
Received Import Request.
  Time since last request: 0.000340 seconds.
  path: Assets/Course Library/Animals/Forest/Animal_Fox_02.prefab
  artifactKey: Guid(d08ba223a91fb3440afcbed27fafa936) Importer(815301076,1909f56bfc062723c751e8b465ee728b)
Start importing Assets/Course Library/Animals/Forest/Animal_Fox_02.prefab using Guid(d08ba223a91fb3440afcbed27fafa936) Importer(815301076,1909f56bfc062723c751e8b465ee728b)  -> (artifact id: '2058331350a1c595086a42db7c3fb31b') in 0.033017 seconds
  Import took 0.036736 seconds .

========================================================================
Received Import Request.
  Time since last request: 0.000337 seconds.
  path: Assets/Course Library/Animals/Forest/Animal_Doe_02.prefab
  artifactKey: Guid(2fdf2b8525a6fa54ba867925b16564e3) Importer(815301076,1909f56bfc062723c751e8b465ee728b)
Start importing Assets/Course Library/Animals/Forest/Animal_Doe_02.prefab using Guid(2fdf2b8525a6fa54ba867925b16564e3) Importer(815301076,1909f56bfc062723c751e8b465ee728b)  -> (artifact id: '5ab6403114a825263ead94ce0372b4d4') in 0.035548 seconds
  Import took 0.039676 seconds .

========================================================================
Received Import Request.
  Time since last request: 0.002722 seconds.
  path: Assets/Course Library/Animals/Forest/Animal_Doe_02.prefab
  artifactKey: Guid(2fdf2b8525a6fa54ba867925b16564e3) Importer(815301076,1909f56bfc062723c751e8b465ee728b)
Start importing Assets/Course Library/Animals/Forest/Animal_Doe_02.prefab using Guid(2fdf2b8525a6fa54ba867925b16564e3) Importer(815301076,1909f56bfc062723c751e8b465ee728b)  -> (artifact id: '5ab6403114a825263ead94ce0372b4d4') in 0.027438 seconds
  Import took 0.031407 seconds .

========================================================================
Received Import Request.
  Time since last request: 33.481875 seconds.
  path: Assets/Course Library/Food/Food_Banana_01.prefab
  artifactKey: Guid(84cd279dfc9ea0a4b8564030182915fa) Importer(815301076,1909f56bfc062723c751e8b465ee728b)
Start importing Assets/Course Library/Food/Food_Banana_01.prefab using Guid(84cd279dfc9ea0a4b8564030182915fa) Importer(815301076,1909f56bfc062723c751e8b465ee728b)  -> (artifact id: 'e7c8e1f5befaafe6f3a42b993f6b7687') in 0.027238 seconds
  Import took 0.030753 seconds .

========================================================================
Received Import Request.
  Time since last request: 0.000365 seconds.
  path: Assets/Course Library/Food/Food_Cookie_01.prefab
  artifactKey: Guid(10d25933610222845ad3760a855829c4) Importer(815301076,1909f56bfc062723c751e8b465ee728b)
Start importing Assets/Course Library/Food/Food_Cookie_01.prefab using Guid(10d25933610222845ad3760a855829c4) Importer(815301076,1909f56bfc062723c751e8b465ee728b)  -> (artifact id: '28ef245795d50f691c20c8fe20725e2a') in 0.020016 seconds
  Import took 0.023221 seconds .

========================================================================
Received Import Request.
  Time since last request: 0.000348 seconds.
  path: Assets/Course Library/Food/Food_Sandwich_01.prefab
  artifactKey: Guid(5b10c1fadcedc4347b929c94cb50d5d3) Importer(815301076,1909f56bfc062723c751e8b465ee728b)
Start importing Assets/Course Library/Food/Food_Sandwich_01.prefab using Guid(5b10c1fadcedc4347b929c94cb50d5d3) Importer(815301076,1909f56bfc062723c751e8b465ee728b)  -> (artifact id: '1b6be38b7e8d1fa1987466b17cc728ea') in 0.023831 seconds
  Import took 0.028001 seconds .

========================================================================
Received Import Request.
  Time since last request: 0.000401 seconds.
  path: Assets/Course Library/Food/Food_Organic_Carrot.prefab
  artifactKey: Guid(bd519f706f8c5cf4dad9fed04ab5b64b) Importer(815301076,1909f56bfc062723c751e8b465ee728b)
Start importing Assets/Course Library/Food/Food_Organic_Carrot.prefab using Guid(bd519f706f8c5cf4dad9fed04ab5b64b) Importer(815301076,1909f56bfc062723c751e8b465ee728b)  -> (artifact id: '76d3548e514d759c2a3b3fb17c8a8d77') in 0.022524 seconds
  Import took 0.026599 seconds .

========================================================================
Received Import Request.
  Time since last request: 0.000401 seconds.
  path: Assets/Course Library/Food/Food_Organic_Pear_02.prefab
  artifactKey: Guid(4949a22a2c444b0459d7289aae77be28) Importer(815301076,1909f56bfc062723c751e8b465ee728b)
Start importing Assets/Course Library/Food/Food_Organic_Pear_02.prefab using Guid(4949a22a2c444b0459d7289aae77be28) Importer(815301076,1909f56bfc062723c751e8b465ee728b)  -> (artifact id: 'dde9b2b4c4c298d1b1d956f77ec052af') in 0.020956 seconds
  Import took 0.025718 seconds .

========================================================================
Received Import Request.
  Time since last request: 0.000319 seconds.
  path: Assets/Course Library/Food/Food_Organic_Apple_01.prefab
  artifactKey: Guid(c13306d1f1d9a1a489199ef77f9dba89) Importer(815301076,1909f56bfc062723c751e8b465ee728b)
Start importing Assets/Course Library/Food/Food_Organic_Apple_01.prefab using Guid(c13306d1f1d9a1a489199ef77f9dba89) Importer(815301076,1909f56bfc062723c751e8b465ee728b)  -> (artifact id: '11b5a4198adec2a15e64f0694c294822') in 0.592642 seconds
  Import took 0.612906 seconds .

========================================================================
Received Import Request.
  Time since last request: 0.000331 seconds.
  path: Assets/Course Library/Food/Food_Organic_Apple_03.prefab
  artifactKey: Guid(c2f4b43f266dc11439efef86830dafb4) Importer(815301076,1909f56bfc062723c751e8b465ee728b)
Start importing Assets/Course Library/Food/Food_Organic_Apple_03.prefab using Guid(c2f4b43f266dc11439efef86830dafb4) Importer(815301076,1909f56bfc062723c751e8b465ee728b)  -> (artifact id: '178bb756d38ece5834fb5be2c9c82c54') in 0.021001 seconds
  Import took 0.025241 seconds .

========================================================================
Received Import Request.
  Time since last request: 0.000433 seconds.
  path: Assets/Course Library/Food/Food_Bone_01.prefab
  artifactKey: Guid(1f17d257118ec324ca772c5b2bacbb14) Importer(815301076,1909f56bfc062723c751e8b465ee728b)
Start importing Assets/Course Library/Food/Food_Bone_01.prefab using Guid(1f17d257118ec324ca772c5b2bacbb14) Importer(815301076,1909f56bfc062723c751e8b465ee728b)  -> (artifact id: 'b46fd341047d79445e2b1e288af57734') in 0.021406 seconds
  Import took 0.025408 seconds .

========================================================================
Received Import Request.
  Time since last request: 0.000312 seconds.
  path: Assets/Course Library/Food/Food_EnergyCan_01.prefab
  artifactKey: Guid(f9125fa89572f1e40bb082978a85b951) Importer(815301076,1909f56bfc062723c751e8b465ee728b)
Start importing Assets/Course Library/Food/Food_EnergyCan_01.prefab using Guid(f9125fa89572f1e40bb082978a85b951) Importer(815301076,1909f56bfc062723c751e8b465ee728b)  -> (artifact id: '4b3b129c01c8072474ecf7b37706f173') in 0.026248 seconds
  Import took 0.029300 seconds .

========================================================================
Received Import Request.
  Time since last request: 0.000367 seconds.
  path: Assets/Course Library/Food/Food_Fish_Cooked.prefab
  artifactKey: Guid(245ebd2bf811d4f45a1d5dcd8c327131) Importer(815301076,1909f56bfc062723c751e8b465ee728b)
Start importing Assets/Course Library/Food/Food_Fish_Cooked.prefab using Guid(245ebd2bf811d4f45a1d5dcd8c327131) Importer(815301076,1909f56bfc062723c751e8b465ee728b)  -> (artifact id: '73420fe068cfbde5befbf0335373d33f') in 0.020445 seconds
  Import took 0.025351 seconds .

========================================================================
Received Import Request.
  Time since last request: 0.000305 seconds.
  path: Assets/Course Library/Food/Food_Pizza_01.prefab
  artifactKey: Guid(06cdf427476835b42837c1ca7f8cdbd1) Importer(815301076,1909f56bfc062723c751e8b465ee728b)
Start importing Assets/Course Library/Food/Food_Pizza_01.prefab using Guid(06cdf427476835b42837c1ca7f8cdbd1) Importer(815301076,1909f56bfc062723c751e8b465ee728b)  -> (artifact id: '5dbb77de53089c6d2e9dc9a4056d8387') in 0.023729 seconds
  Import took 0.026755 seconds .

========================================================================
Received Import Request.
  Time since last request: 0.487187 seconds.
  path: Assets/Course Library/Food/Food_Steak_01.prefab
  artifactKey: Guid(9f063c5e5835cbd4b8dc54a6c0b45db4) Importer(815301076,1909f56bfc062723c751e8b465ee728b)
Start importing Assets/Course Library/Food/Food_Steak_01.prefab using Guid(9f063c5e5835cbd4b8dc54a6c0b45db4) Importer(815301076,1909f56bfc062723c751e8b465ee728b)  -> (artifact id: 'aca5534a49074123e6f988917f6c9ce2') in 0.019311 seconds
  Import took 0.022624 seconds .

========================================================================
Received Import Request.
  Time since last request: 0.000288 seconds.
  path: Assets/Course Library/Food/Food_Wine_01.prefab
  artifactKey: Guid(ca03aa5ab3af9f147aa60e7b8d131fe3) Importer(815301076,1909f56bfc062723c751e8b465ee728b)
Start importing Assets/Course Library/Food/Food_Wine_01.prefab using Guid(ca03aa5ab3af9f147aa60e7b8d131fe3) Importer(815301076,1909f56bfc062723c751e8b465ee728b)  -> (artifact id: '42ba46c0d35a2502f2874db6ec85d696') in 0.020587 seconds
  Import took 0.283518 seconds .

========================================================================
Received Import Request.
  Time since last request: 145.445672 seconds.
  path: Assets
  artifactKey: Guid(00000000000000001000000000000000) Importer(815301076,1909f56bfc062723c751e8b465ee728b)
Start importing Assets using Guid(00000000000000001000000000000000) Importer(815301076,1909f56bfc062723c751e8b465ee728b)  -> (artifact id: '42d402b061de3733987d63b9cc3b64de') in 0.009354 seconds
  Import took 0.012284 seconds .

========================================================================
Received Import Request.
  Time since last request: 4.953205 seconds.
  path: Assets/Scripts
  artifactKey: Guid(8e9121a61255b7f4caf6cc0c2bc65e45) Importer(815301076,1909f56bfc062723c751e8b465ee728b)
Start importing Assets/Scripts using Guid(8e9121a61255b7f4caf6cc0c2bc65e45) Importer(815301076,1909f56bfc062723c751e8b465ee728b)  -> (artifact id: 'c2c6aa286394ed0055a683a0d63d04bc') in 0.009223 seconds
  Import took 0.012621 seconds .

========================================================================
Received Import Request.
  Time since last request: 11.371833 seconds.
  path: Assets/Scripts/PlayerController.cs
  artifactKey: Guid(3da7f39c62439b9469836cacfdf82f14) Importer(815301076,1909f56bfc062723c751e8b465ee728b)
Start importing Assets/Scripts/PlayerController.cs using Guid(3da7f39c62439b9469836cacfdf82f14) Importer(815301076,1909f56bfc062723c751e8b465ee728b)  -> (artifact id: '4fd2ac266260866ce864c4d5dab2b39a') in 0.385449 seconds
  Import took 0.388717 seconds .

========================================================================
Received Prepare
Registering precompiled user dll's ...
Registered in 0.001058 seconds.
Begin MonoManager ReloadAssembly
Native extension for WindowsStandalone target not found
Refreshing native plugins compatible for Editor in 0.31 ms, found 0 plugins.
Preloading 0 native plugins for Editor in 0.00 ms.
Mono: successfully reloaded assembly
- Completed reload, in  1.394 seconds
Platform modules already initialized, skipping
Refreshing native plugins compatible for Editor in 0.28 ms, found 0 plugins.
Preloading 0 native plugins for Editor in 0.00 ms.
Unloading 1111 Unused Serialized files (Serialized files now loaded: 0)
System memory in use before: 74.7 MB.
System memory in use after: 74.8 MB.

Unloading 5 unused Assets to reduce memory usage. Loaded Objects now: 1570.
Total: 2.547000 ms (FindLiveObjects: 0.185700 ms CreateObjectMapping: 0.051500 ms MarkObjects: 2.235900 ms  DeleteObjects: 0.072700 ms)

========================================================================
Received Prepare
Registering precompiled user dll's ...
Registered in 0.001531 seconds.
Begin MonoManager ReloadAssembly
Native extension for WindowsStandalone target not found
Refreshing native plugins compatible for Editor in 0.29 ms, found 0 plugins.
Preloading 0 native plugins for Editor in 0.00 ms.
Mono: successfully reloaded assembly
- Completed reload, in  1.322 seconds
Platform modules already initialized, skipping
Refreshing native plugins compatible for Editor in 0.32 ms, found 0 plugins.
Preloading 0 native plugins for Editor in 0.00 ms.
Unloading 1111 Unused Serialized files (Serialized files now loaded: 0)
System memory in use before: 74.7 MB.
System memory in use after: 74.8 MB.

Unloading 5 unused Assets to reduce memory usage. Loaded Objects now: 1573.
Total: 2.636800 ms (FindLiveObjects: 0.168700 ms CreateObjectMapping: 0.048600 ms MarkObjects: 2.326200 ms  DeleteObjects: 0.091700 ms)

========================================================================
Received Prepare
Registering precompiled user dll's ...
Registered in 0.001186 seconds.
Begin MonoManager ReloadAssembly
Native extension for WindowsStandalone target not found
Refreshing native plugins compatible for Editor in 0.30 ms, found 0 plugins.
Preloading 0 native plugins for Editor in 0.00 ms.
Mono: successfully reloaded assembly
- Completed reload, in  1.287 seconds
Platform modules already initialized, skipping
Refreshing native plugins compatible for Editor in 0.29 ms, found 0 plugins.
Preloading 0 native plugins for Editor in 0.00 ms.
Unloading 1111 Unused Serialized files (Serialized files now loaded: 0)
System memory in use before: 74.7 MB.
System memory in use after: 74.8 MB.

Unloading 5 unused Assets to reduce memory usage. Loaded Objects now: 1576.
Total: 2.729500 ms (FindLiveObjects: 0.186600 ms CreateObjectMapping: 0.052000 ms MarkObjects: 2.426900 ms  DeleteObjects: 0.062900 ms)

========================================================================
Received Import Request.
  Time since last request: 424.661790 seconds.
  path: Assets/Scripts/PlayerController.cs
  artifactKey: Guid(3da7f39c62439b9469836cacfdf82f14) Importer(815301076,1909f56bfc062723c751e8b465ee728b)
Start importing Assets/Scripts/PlayerController.cs using Guid(3da7f39c62439b9469836cacfdf82f14) Importer(815301076,1909f56bfc062723c751e8b465ee728b)  -> (artifact id: 'e553b8f654bc0e67603f3e16a5999545') in 0.043028 seconds
  Import took 0.045714 seconds .

========================================================================
Received Import Request.
  Time since last request: 7.516102 seconds.
  path: Assets/Scripts/MoveForward.cs
  artifactKey: Guid(0b4db6e098e5ad84c9444e9e37678af6) Importer(815301076,1909f56bfc062723c751e8b465ee728b)
Start importing Assets/Scripts/MoveForward.cs using Guid(0b4db6e098e5ad84c9444e9e37678af6) Importer(815301076,1909f56bfc062723c751e8b465ee728b)  -> (artifact id: '8eac7b4675073765e1842765b5dd4509') in 0.009971 seconds
  Import took 0.013757 seconds .

========================================================================
Received Prepare
Registering precompiled user dll's ...
Registered in 0.001420 seconds.
Begin MonoManager ReloadAssembly
Native extension for WindowsStandalone target not found
Refreshing native plugins compatible for Editor in 0.29 ms, found 0 plugins.
Preloading 0 native plugins for Editor in 0.00 ms.
Mono: successfully reloaded assembly
- Completed reload, in  1.401 seconds
Platform modules already initialized, skipping
Refreshing native plugins compatible for Editor in 0.56 ms, found 0 plugins.
Preloading 0 native plugins for Editor in 0.00 ms.
Unloading 1112 Unused Serialized files (Serialized files now loaded: 0)
System memory in use before: 74.8 MB.
System memory in use after: 74.8 MB.

Unloading 5 unused Assets to reduce memory usage. Loaded Objects now: 1580.
Total: 3.696600 ms (FindLiveObjects: 0.255500 ms CreateObjectMapping: 0.074900 ms MarkObjects: 3.115000 ms  DeleteObjects: 0.249000 ms)

========================================================================
Received Prepare
Registering precompiled user dll's ...
Registered in 0.001100 seconds.
Begin MonoManager ReloadAssembly
Native extension for WindowsStandalone target not found
Refreshing native plugins compatible for Editor in 0.29 ms, found 0 plugins.
Preloading 0 native plugins for Editor in 0.00 ms.
Mono: successfully reloaded assembly
- Completed reload, in  1.353 seconds
Platform modules already initialized, skipping
Refreshing native plugins compatible for Editor in 0.29 ms, found 0 plugins.
Preloading 0 native plugins for Editor in 0.00 ms.
Unloading 1112 Unused Serialized files (Serialized files now loaded: 0)
System memory in use before: 74.8 MB.
System memory in use after: 74.9 MB.

Unloading 5 unused Assets to reduce memory usage. Loaded Objects now: 1583.
Total: 2.763800 ms (FindLiveObjects: 0.186200 ms CreateObjectMapping: 0.051900 ms MarkObjects: 2.433800 ms  DeleteObjects: 0.090400 ms)

========================================================================
Received Import Request.
  Time since last request: 60.261756 seconds.
  path: Assets/Scripts/MoveForward.cs
  artifactKey: Guid(0b4db6e098e5ad84c9444e9e37678af6) Importer(815301076,1909f56bfc062723c751e8b465ee728b)
Start importing Assets/Scripts/MoveForward.cs using Guid(0b4db6e098e5ad84c9444e9e37678af6) Importer(815301076,1909f56bfc062723c751e8b465ee728b)  -> (artifact id: '532e8674434c1c8e17c09d19b32c65ba') in 0.005171 seconds
  Import took 0.097152 seconds .

========================================================================
Received Import Request.
  Time since last request: 4.524988 seconds.
  path: Assets/Prefabs
  artifactKey: Guid(537cb5bb9fa1bd24987f303a743d513e) Importer(815301076,1909f56bfc062723c751e8b465ee728b)
Start importing Assets/Prefabs using Guid(537cb5bb9fa1bd24987f303a743d513e) Importer(815301076,1909f56bfc062723c751e8b465ee728b)  -> (artifact id: 'c89cc4cf4d5c6f0183b80c04cfc96b90') in 0.009428 seconds
  Import took 0.035135 seconds .

========================================================================
Received Import Request.
  Time since last request: 10.564481 seconds.
  path: Assets/Prefabs/Food_Pizza_01.prefab
  artifactKey: Guid(acbb08a0ea22a1144ae32e0794b50aa0) Importer(815301076,1909f56bfc062723c751e8b465ee728b)
Start importing Assets/Prefabs/Food_Pizza_01.prefab using Guid(acbb08a0ea22a1144ae32e0794b50aa0) Importer(815301076,1909f56bfc062723c751e8b465ee728b)  -> (artifact id: '315470a652fdde5209ece8437dc204a4') in 0.129144 seconds
  Import took 0.132149 seconds .

========================================================================
Received Import Request.
  Time since last request: 39.280541 seconds.
  path: Assets/Prefabs/Food_Pizza_01.prefab
  artifactKey: Guid(acbb08a0ea22a1144ae32e0794b50aa0) Importer(815301076,1909f56bfc062723c751e8b465ee728b)
Start importing Assets/Prefabs/Food_Pizza_01.prefab using Guid(acbb08a0ea22a1144ae32e0794b50aa0) Importer(815301076,1909f56bfc062723c751e8b465ee728b)  -> (artifact id: '6d61d154d00934509d269ead699e87c8') in 0.014135 seconds
  Import took 0.017280 seconds .

========================================================================
Received Import Request.
  Time since last request: 0.018689 seconds.
  path: Assets/Prefabs/Food_Pizza_01.prefab
  artifactKey: Guid(acbb08a0ea22a1144ae32e0794b50aa0) Importer(815301076,1909f56bfc062723c751e8b465ee728b)
Start importing Assets/Prefabs/Food_Pizza_01.prefab using Guid(acbb08a0ea22a1144ae32e0794b50aa0) Importer(815301076,1909f56bfc062723c751e8b465ee728b)  -> (artifact id: '6d61d154d00934509d269ead699e87c8') in 0.012797 seconds
  Import took 0.015707 seconds .

========================================================================
Received Prepare
Registering precompiled user dll's ...
Registered in 0.001073 seconds.
Begin MonoManager ReloadAssembly
Native extension for WindowsStandalone target not found
Refreshing native plugins compatible for Editor in 0.29 ms, found 0 plugins.
Preloading 0 native plugins for Editor in 0.00 ms.
Mono: successfully reloaded assembly
- Completed reload, in  1.394 seconds
Platform modules already initialized, skipping
Refreshing native plugins compatible for Editor in 0.35 ms, found 0 plugins.
Preloading 0 native plugins for Editor in 0.00 ms.
Unloading 1112 Unused Serialized files (Serialized files now loaded: 0)
System memory in use before: 74.8 MB.
System memory in use after: 74.9 MB.

Unloading 5 unused Assets to reduce memory usage. Loaded Objects now: 1587.
Total: 2.492500 ms (FindLiveObjects: 0.194500 ms CreateObjectMapping: 0.055100 ms MarkObjects: 2.176300 ms  DeleteObjects: 0.065100 ms)

========================================================================
Received Prepare
Registering precompiled user dll's ...
Registered in 0.001487 seconds.
Begin MonoManager ReloadAssembly
Native extension for WindowsStandalone target not found
Refreshing native plugins compatible for Editor in 0.29 ms, found 0 plugins.
Preloading 0 native plugins for Editor in 0.00 ms.
Mono: successfully reloaded assembly
- Completed reload, in  1.490 seconds
Platform modules already initialized, skipping
Refreshing native plugins compatible for Editor in 0.30 ms, found 0 plugins.
Preloading 0 native plugins for Editor in 0.00 ms.
Unloading 1112 Unused Serialized files (Serialized files now loaded: 0)
System memory in use before: 74.8 MB.
System memory in use after: 74.9 MB.

Unloading 5 unused Assets to reduce memory usage. Loaded Objects now: 1590.
Total: 2.745700 ms (FindLiveObjects: 0.190300 ms CreateObjectMapping: 0.052100 ms MarkObjects: 2.435200 ms  DeleteObjects: 0.066700 ms)

========================================================================
Received Prepare
Registering precompiled user dll's ...
Registered in 0.001098 seconds.
Begin MonoManager ReloadAssembly
Native extension for WindowsStandalone target not found
Refreshing native plugins compatible for Editor in 0.32 ms, found 0 plugins.
Preloading 0 native plugins for Editor in 0.00 ms.
Mono: successfully reloaded assembly
- Completed reload, in  1.429 seconds
Platform modules already initialized, skipping
Refreshing native plugins compatible for Editor in 0.46 ms, found 0 plugins.
Preloading 0 native plugins for Editor in 0.00 ms.
Unloading 1112 Unused Serialized files (Serialized files now loaded: 0)
System memory in use before: 74.8 MB.
System memory in use after: 74.9 MB.

Unloading 5 unused Assets to reduce memory usage. Loaded Objects now: 1593.
Total: 2.869900 ms (FindLiveObjects: 0.183600 ms CreateObjectMapping: 0.050000 ms MarkObjects: 2.548200 ms  DeleteObjects: 0.086500 ms)

========================================================================
Received Prepare
Registering precompiled user dll's ...
Registered in 0.001875 seconds.
Begin MonoManager ReloadAssembly
Native extension for WindowsStandalone target not found
Refreshing native plugins compatible for Editor in 0.31 ms, found 0 plugins.
Preloading 0 native plugins for Editor in 0.00 ms.
Mono: successfully reloaded assembly
- Completed reload, in  1.306 seconds
Platform modules already initialized, skipping
Refreshing native plugins compatible for Editor in 0.29 ms, found 0 plugins.
Preloading 0 native plugins for Editor in 0.00 ms.
Unloading 1112 Unused Serialized files (Serialized files now loaded: 0)
System memory in use before: 74.8 MB.
System memory in use after: 74.9 MB.

Unloading 5 unused Assets to reduce memory usage. Loaded Objects now: 1596.
Total: 2.606700 ms (FindLiveObjects: 0.185100 ms CreateObjectMapping: 0.053000 ms MarkObjects: 2.302300 ms  DeleteObjects: 0.064900 ms)

========================================================================
Received Prepare
Registering precompiled user dll's ...
Registered in 0.001126 seconds.
Begin MonoManager ReloadAssembly
Native extension for WindowsStandalone target not found
Refreshing native plugins compatible for Editor in 0.29 ms, found 0 plugins.
Preloading 0 native plugins for Editor in 0.00 ms.
Mono: successfully reloaded assembly
- Completed reload, in  1.298 seconds
Platform modules already initialized, skipping
Refreshing native plugins compatible for Editor in 0.29 ms, found 0 plugins.
Preloading 0 native plugins for Editor in 0.00 ms.
Unloading 1112 Unused Serialized files (Serialized files now loaded: 0)
System memory in use before: 74.8 MB.
System memory in use after: 74.9 MB.

Unloading 5 unused Assets to reduce memory usage. Loaded Objects now: 1599.
Total: 2.493900 ms (FindLiveObjects: 0.174500 ms CreateObjectMapping: 0.050300 ms MarkObjects: 2.200300 ms  DeleteObjects: 0.067100 ms)

========================================================================
Received Import Request.
  Time since last request: 246.548381 seconds.
  path: Assets/Prefabs/Animal_Fox_01.prefab
  artifactKey: Guid(e80f2e251c8cc554184b548ef7f13f00) Importer(815301076,1909f56bfc062723c751e8b465ee728b)
Start importing Assets/Prefabs/Animal_Fox_01.prefab using Guid(e80f2e251c8cc554184b548ef7f13f00) Importer(815301076,1909f56bfc062723c751e8b465ee728b)  -> (artifact id: '3fb5d35407cb4a0133a0e525cd48b432') in 0.247752 seconds
  Import took 0.251553 seconds .

========================================================================
Received Import Request.
  Time since last request: 2.388186 seconds.
  path: Assets/Prefabs/Animal_Doe_02.prefab
  artifactKey: Guid(b03ee08c8e753c6459aeb1486d7f706e) Importer(815301076,1909f56bfc062723c751e8b465ee728b)
Start importing Assets/Prefabs/Animal_Doe_02.prefab using Guid(b03ee08c8e753c6459aeb1486d7f706e) Importer(815301076,1909f56bfc062723c751e8b465ee728b)  -> (artifact id: '6c77fdcf2a5bf34560eef275d195ea52') in 0.097410 seconds
  Import took 0.102382 seconds .

========================================================================
Received Import Request.
  Time since last request: 2.484670 seconds.
  path: Assets/Prefabs/Animal_Moose_01.prefab
  artifactKey: Guid(625cce8d7eca29b44a314001cff7b702) Importer(815301076,1909f56bfc062723c751e8b465ee728b)
Start importing Assets/Prefabs/Animal_Moose_01.prefab using Guid(625cce8d7eca29b44a314001cff7b702) Importer(815301076,1909f56bfc062723c751e8b465ee728b)  -> (artifact id: 'fca492c5b3fb2679d02c571a4dfa3c40') in 0.035672 seconds
  Import took 0.039274 seconds .

========================================================================
Received Import Request.
  Time since last request: 18.675017 seconds.
  path: Assets/Scripts/DestroyOutOfBounds.cs
  artifactKey: Guid(07b72a11b3d04214d98d53ab0f95e768) Importer(815301076,1909f56bfc062723c751e8b465ee728b)
Start importing Assets/Scripts/DestroyOutOfBounds.cs using Guid(07b72a11b3d04214d98d53ab0f95e768) Importer(815301076,1909f56bfc062723c751e8b465ee728b)  -> (artifact id: '6f3ddd3cdf32c0fb53115f6e4a25ef61') in 0.009841 seconds
  Import took 0.013045 seconds .

========================================================================
Received Prepare
Registering precompiled user dll's ...
Registered in 0.001056 seconds.
Begin MonoManager ReloadAssembly
Native extension for WindowsStandalone target not found
Refreshing native plugins compatible for Editor in 0.30 ms, found 0 plugins.
Preloading 0 native plugins for Editor in 0.00 ms.
Mono: successfully reloaded assembly
- Completed reload, in  1.380 seconds
Platform modules already initialized, skipping
Refreshing native plugins compatible for Editor in 0.30 ms, found 0 plugins.
Preloading 0 native plugins for Editor in 0.00 ms.
Unloading 1113 Unused Serialized files (Serialized files now loaded: 0)
System memory in use before: 74.9 MB.
System memory in use after: 74.9 MB.

Unloading 5 unused Assets to reduce memory usage. Loaded Objects now: 1604.
Total: 2.749600 ms (FindLiveObjects: 0.182300 ms CreateObjectMapping: 0.049700 ms MarkObjects: 2.447800 ms  DeleteObjects: 0.068300 ms)

========================================================================
Received Import Request.
  Time since last request: 28.107828 seconds.
  path: Assets/Prefabs/Food_Pizza_01.prefab
  artifactKey: Guid(acbb08a0ea22a1144ae32e0794b50aa0) Importer(815301076,1909f56bfc062723c751e8b465ee728b)
Start importing Assets/Prefabs/Food_Pizza_01.prefab using Guid(acbb08a0ea22a1144ae32e0794b50aa0) Importer(815301076,1909f56bfc062723c751e8b465ee728b)  -> (artifact id: '55294d262212fc7ab4946a602a4b0409') in 0.129238 seconds
  Import took 0.132286 seconds .

========================================================================
Received Prepare
Registering precompiled user dll's ...
Registered in 0.001398 seconds.
Begin MonoManager ReloadAssembly
Native extension for WindowsStandalone target not found
Refreshing native plugins compatible for Editor in 0.33 ms, found 0 plugins.
Preloading 0 native plugins for Editor in 0.00 ms.
Mono: successfully reloaded assembly
- Completed reload, in  1.360 seconds
Platform modules already initialized, skipping
Refreshing native plugins compatible for Editor in 0.28 ms, found 0 plugins.
Preloading 0 native plugins for Editor in 0.00 ms.
Unloading 1113 Unused Serialized files (Serialized files now loaded: 0)
System memory in use before: 74.9 MB.
System memory in use after: 74.9 MB.

Unloading 5 unused Assets to reduce memory usage. Loaded Objects now: 1608.
Total: 2.468300 ms (FindLiveObjects: 0.187200 ms CreateObjectMapping: 0.050300 ms MarkObjects: 2.158800 ms  DeleteObjects: 0.070700 ms)

========================================================================
Received Import Request.
  Time since last request: 111.622414 seconds.
  path: Assets/Prefabs/Food_Pizza_01.prefab
  artifactKey: Guid(acbb08a0ea22a1144ae32e0794b50aa0) Importer(815301076,1909f56bfc062723c751e8b465ee728b)
Start importing Assets/Prefabs/Food_Pizza_01.prefab using Guid(acbb08a0ea22a1144ae32e0794b50aa0) Importer(815301076,1909f56bfc062723c751e8b465ee728b)  -> (artifact id: 'a42be1fc95545a015e4bac889c808fa3') in 0.138593 seconds
  Import took 0.141480 seconds .

========================================================================
Received Prepare
Registering precompiled user dll's ...
Registered in 0.001076 seconds.
Begin MonoManager ReloadAssembly
Native extension for WindowsStandalone target not found
Refreshing native plugins compatible for Editor in 0.35 ms, found 0 plugins.
Preloading 0 native plugins for Editor in 0.00 ms.
Mono: successfully reloaded assembly
- Completed reload, in  1.372 seconds
Platform modules already initialized, skipping
Refreshing native plugins compatible for Editor in 0.30 ms, found 0 plugins.
Preloading 0 native plugins for Editor in 0.00 ms.
Unloading 1113 Unused Serialized files (Serialized files now loaded: 0)
System memory in use before: 74.9 MB.
System memory in use after: 75.0 MB.

Unloading 5 unused Assets to reduce memory usage. Loaded Objects now: 1612.
Total: 2.548800 ms (FindLiveObjects: 0.180400 ms CreateObjectMapping: 0.051700 ms MarkObjects: 2.249100 ms  DeleteObjects: 0.066500 ms)

========================================================================
Received Import Request.
  Time since last request: 72.542995 seconds.
  path: Assets/Scripts/SpawnManager.cs
  artifactKey: Guid(e8785f2b3c395004894b6790ed8faab9) Importer(815301076,1909f56bfc062723c751e8b465ee728b)
Start importing Assets/Scripts/SpawnManager.cs using Guid(e8785f2b3c395004894b6790ed8faab9) Importer(815301076,1909f56bfc062723c751e8b465ee728b)  -> (artifact id: '876a53774c4d9ee98574e87df8e4a41b') in 0.042588 seconds
  Import took 0.046464 seconds .

========================================================================
Received Import Request.
  Time since last request: 0.008181 seconds.
  path: Assets/Scripts/SpawnManager.cs
  artifactKey: Guid(e8785f2b3c395004894b6790ed8faab9) Importer(815301076,1909f56bfc062723c751e8b465ee728b)
Start importing Assets/Scripts/SpawnManager.cs using Guid(e8785f2b3c395004894b6790ed8faab9) Importer(815301076,1909f56bfc062723c751e8b465ee728b)  -> (artifact id: '876a53774c4d9ee98574e87df8e4a41b') in 0.002873 seconds
  Import took 0.006019 seconds .

========================================================================
Received Prepare
Registering precompiled user dll's ...
Registered in 0.001151 seconds.
Begin MonoManager ReloadAssembly
Native extension for WindowsStandalone target not found
Refreshing native plugins compatible for Editor in 0.34 ms, found 0 plugins.
Preloading 0 native plugins for Editor in 0.00 ms.
Mono: successfully reloaded assembly
- Completed reload, in  1.321 seconds
Platform modules already initialized, skipping
Refreshing native plugins compatible for Editor in 0.29 ms, found 0 plugins.
Preloading 0 native plugins for Editor in 0.00 ms.
Unloading 1114 Unused Serialized files (Serialized files now loaded: 0)
System memory in use before: 74.9 MB.
System memory in use after: 75.0 MB.

Unloading 5 unused Assets to reduce memory usage. Loaded Objects now: 1616.
Total: 2.604400 ms (FindLiveObjects: 0.183100 ms CreateObjectMapping: 0.060300 ms MarkObjects: 2.290900 ms  DeleteObjects: 0.068700 ms)

========================================================================
Received Prepare
Registering precompiled user dll's ...
Registered in 0.001128 seconds.
Begin MonoManager ReloadAssembly
Native extension for WindowsStandalone target not found
Refreshing native plugins compatible for Editor in 0.29 ms, found 0 plugins.
Preloading 0 native plugins for Editor in 0.00 ms.
Mono: successfully reloaded assembly
- Completed reload, in  1.339 seconds
Platform modules already initialized, skipping
Refreshing native plugins compatible for Editor in 0.31 ms, found 0 plugins.
Preloading 0 native plugins for Editor in 0.00 ms.
Unloading 1114 Unused Serialized files (Serialized files now loaded: 0)
System memory in use before: 74.9 MB.
System memory in use after: 75.0 MB.

Unloading 5 unused Assets to reduce memory usage. Loaded Objects now: 1619.
Total: 2.818500 ms (FindLiveObjects: 0.199000 ms CreateObjectMapping: 0.054300 ms MarkObjects: 2.475700 ms  DeleteObjects: 0.087700 ms)

========================================================================
Received Import Request.
  Time since last request: 37.667068 seconds.
  path: Assets/Scripts/SpawnManager.cs
  artifactKey: Guid(e8785f2b3c395004894b6790ed8faab9) Importer(815301076,1909f56bfc062723c751e8b465ee728b)
Start importing Assets/Scripts/SpawnManager.cs using Guid(e8785f2b3c395004894b6790ed8faab9) Importer(815301076,1909f56bfc062723c751e8b465ee728b)  -> (artifact id: 'd0ef4aae5be7fb9284d4dfa829ae5338') in 0.006277 seconds
  Import took 0.009512 seconds .

========================================================================
Received Prepare
Registering precompiled user dll's ...
Registered in 0.001079 seconds.
Begin MonoManager ReloadAssembly
Native extension for WindowsStandalone target not found
Refreshing native plugins compatible for Editor in 0.30 ms, found 0 plugins.
Preloading 0 native plugins for Editor in 0.00 ms.
Mono: successfully reloaded assembly
- Completed reload, in  1.373 seconds
Platform modules already initialized, skipping
Refreshing native plugins compatible for Editor in 0.31 ms, found 0 plugins.
Preloading 0 native plugins for Editor in 0.00 ms.
Unloading 1114 Unused Serialized files (Serialized files now loaded: 0)
System memory in use before: 74.9 MB.
System memory in use after: 75.0 MB.

Unloading 5 unused Assets to reduce memory usage. Loaded Objects now: 1622.
Total: 2.593800 ms (FindLiveObjects: 0.196300 ms CreateObjectMapping: 0.055500 ms MarkObjects: 2.265300 ms  DeleteObjects: 0.075000 ms)

========================================================================
Received Prepare
Registering precompiled user dll's ...
Registered in 0.001197 seconds.
Begin MonoManager ReloadAssembly
Native extension for WindowsStandalone target not found
Refreshing native plugins compatible for Editor in 0.29 ms, found 0 plugins.
Preloading 0 native plugins for Editor in 0.00 ms.
Mono: successfully reloaded assembly
- Completed reload, in  1.305 seconds
Platform modules already initialized, skipping
Refreshing native plugins compatible for Editor in 0.32 ms, found 0 plugins.
Preloading 0 native plugins for Editor in 0.00 ms.
Unloading 1114 Unused Serialized files (Serialized files now loaded: 0)
System memory in use before: 74.9 MB.
System memory in use after: 75.0 MB.

Unloading 5 unused Assets to reduce memory usage. Loaded Objects now: 1625.
Total: 2.634400 ms (FindLiveObjects: 0.197800 ms CreateObjectMapping: 0.053700 ms MarkObjects: 2.306100 ms  DeleteObjects: 0.075100 ms)

========================================================================
Received Prepare
Registering precompiled user dll's ...
Registered in 0.001119 seconds.
Begin MonoManager ReloadAssembly
Native extension for WindowsStandalone target not found
Refreshing native plugins compatible for Editor in 0.38 ms, found 0 plugins.
Preloading 0 native plugins for Editor in 0.00 ms.
Mono: successfully reloaded assembly
- Completed reload, in  1.368 seconds
Platform modules already initialized, skipping
Refreshing native plugins compatible for Editor in 0.29 ms, found 0 plugins.
Preloading 0 native plugins for Editor in 0.00 ms.
Unloading 1114 Unused Serialized files (Serialized files now loaded: 0)
System memory in use before: 74.9 MB.
System memory in use after: 75.0 MB.

Unloading 5 unused Assets to reduce memory usage. Loaded Objects now: 1628.
Total: 2.431500 ms (FindLiveObjects: 0.188500 ms CreateObjectMapping: 0.051900 ms MarkObjects: 2.111600 ms  DeleteObjects: 0.078200 ms)

========================================================================
Received Import Request.
  Time since last request: 672.586337 seconds.
  path: Assets/Prefabs/Animal_Doe_02.prefab
  artifactKey: Guid(b03ee08c8e753c6459aeb1486d7f706e) Importer(815301076,1909f56bfc062723c751e8b465ee728b)
Start importing Assets/Prefabs/Animal_Doe_02.prefab using Guid(b03ee08c8e753c6459aeb1486d7f706e) Importer(815301076,1909f56bfc062723c751e8b465ee728b)  -> (artifact id: '73260a97db1b5de6d3ef2c26c86beb42') in 0.268180 seconds
  Import took 0.271912 seconds .

========================================================================
Received Import Request.
  Time since last request: 27.610626 seconds.
  path: Assets/Prefabs/Animal_Doe_02.prefab
  artifactKey: Guid(b03ee08c8e753c6459aeb1486d7f706e) Importer(815301076,1909f56bfc062723c751e8b465ee728b)
Start importing Assets/Prefabs/Animal_Doe_02.prefab using Guid(b03ee08c8e753c6459aeb1486d7f706e) Importer(815301076,1909f56bfc062723c751e8b465ee728b)  -> (artifact id: 'ca30030f2967aba6c7c17ddf53aa2fe8') in 0.026631 seconds
  Import took 0.030403 seconds .

========================================================================
Received Import Request.
  Time since last request: 4.573340 seconds.
  path: Assets/Prefabs/Animal_Doe_02.prefab
  artifactKey: Guid(b03ee08c8e753c6459aeb1486d7f706e) Importer(815301076,1909f56bfc062723c751e8b465ee728b)
Start importing Assets/Prefabs/Animal_Doe_02.prefab using Guid(b03ee08c8e753c6459aeb1486d7f706e) Importer(815301076,1909f56bfc062723c751e8b465ee728b)  -> (artifact id: 'b24574018ada0937d4e480219e235ea0') in 0.026052 seconds
  Import took 0.152416 seconds .

========================================================================
Received Import Request.
  Time since last request: 3.889892 seconds.
  path: Assets/Prefabs/Animal_Doe_02.prefab
  artifactKey: Guid(b03ee08c8e753c6459aeb1486d7f706e) Importer(815301076,1909f56bfc062723c751e8b465ee728b)
Start importing Assets/Prefabs/Animal_Doe_02.prefab using Guid(b03ee08c8e753c6459aeb1486d7f706e) Importer(815301076,1909f56bfc062723c751e8b465ee728b)  -> (artifact id: 'e869a905594fdcf7686c4051b61222a3') in 0.043716 seconds
  Import took 0.069670 seconds .

========================================================================
Received Import Request.
  Time since last request: 1.989796 seconds.
  path: Assets/Prefabs/Animal_Doe_02.prefab
  artifactKey: Guid(b03ee08c8e753c6459aeb1486d7f706e) Importer(815301076,1909f56bfc062723c751e8b465ee728b)
Start importing Assets/Prefabs/Animal_Doe_02.prefab using Guid(b03ee08c8e753c6459aeb1486d7f706e) Importer(815301076,1909f56bfc062723c751e8b465ee728b)  -> (artifact id: 'a87fa99bbf21e1e97d5acc9db6ea2d92') in 0.026881 seconds
  Import took 0.030797 seconds .

========================================================================
Received Import Request.
  Time since last request: 4.296834 seconds.
  path: Assets/Prefabs/Animal_Doe_02.prefab
  artifactKey: Guid(b03ee08c8e753c6459aeb1486d7f706e) Importer(815301076,1909f56bfc062723c751e8b465ee728b)
Start importing Assets/Prefabs/Animal_Doe_02.prefab using Guid(b03ee08c8e753c6459aeb1486d7f706e) Importer(815301076,1909f56bfc062723c751e8b465ee728b)  -> (artifact id: 'dc9fae9a36e5184d079fa708bee76582') in 0.024662 seconds
  Import took 0.050823 seconds .

========================================================================
Received Import Request.
  Time since last request: 3.513689 seconds.
  path: Assets/Prefabs/Animal_Doe_02.prefab
  artifactKey: Guid(b03ee08c8e753c6459aeb1486d7f706e) Importer(815301076,1909f56bfc062723c751e8b465ee728b)
Start importing Assets/Prefabs/Animal_Doe_02.prefab using Guid(b03ee08c8e753c6459aeb1486d7f706e) Importer(815301076,1909f56bfc062723c751e8b465ee728b)  -> (artifact id: '35ddb73b42a178fc7ac31f4c549c2da9') in 0.026261 seconds
  Import took 0.029981 seconds .

========================================================================
Received Import Request.
  Time since last request: 5.236103 seconds.
  path: Assets/Prefabs/Animal_Doe_02.prefab
  artifactKey: Guid(b03ee08c8e753c6459aeb1486d7f706e) Importer(815301076,1909f56bfc062723c751e8b465ee728b)
Start importing Assets/Prefabs/Animal_Doe_02.prefab using Guid(b03ee08c8e753c6459aeb1486d7f706e) Importer(815301076,1909f56bfc062723c751e8b465ee728b)  -> (artifact id: 'af0c34f0691153d41aa7133026acf950') in 0.027289 seconds
  Import took 0.031768 seconds .

========================================================================
Received Import Request.
  Time since last request: 3.215147 seconds.
  path: Assets/Prefabs/Animal_Doe_02.prefab
  artifactKey: Guid(b03ee08c8e753c6459aeb1486d7f706e) Importer(815301076,1909f56bfc062723c751e8b465ee728b)
Start importing Assets/Prefabs/Animal_Doe_02.prefab using Guid(b03ee08c8e753c6459aeb1486d7f706e) Importer(815301076,1909f56bfc062723c751e8b465ee728b)  -> (artifact id: '4b362bbe31bed7ca8d66c0131daac3e6') in 0.141901 seconds
  Import took 0.145951 seconds .

========================================================================
Received Import Request.
  Time since last request: 3.367712 seconds.
  path: Assets/Prefabs/Animal_Doe_02.prefab
  artifactKey: Guid(b03ee08c8e753c6459aeb1486d7f706e) Importer(815301076,1909f56bfc062723c751e8b465ee728b)
Start importing Assets/Prefabs/Animal_Doe_02.prefab using Guid(b03ee08c8e753c6459aeb1486d7f706e) Importer(815301076,1909f56bfc062723c751e8b465ee728b)  -> (artifact id: 'ad201789ab0a8bbf4579d7884b3ff9a4') in 0.025131 seconds
  Import took 0.028864 seconds .

========================================================================
Received Import Request.
  Time since last request: 3.576964 seconds.
  path: Assets/Prefabs/Animal_Doe_02.prefab
  artifactKey: Guid(b03ee08c8e753c6459aeb1486d7f706e) Importer(815301076,1909f56bfc062723c751e8b465ee728b)
Start importing Assets/Prefabs/Animal_Doe_02.prefab using Guid(b03ee08c8e753c6459aeb1486d7f706e) Importer(815301076,1909f56bfc062723c751e8b465ee728b)  -> (artifact id: '21ae2f5d1a08fb2b414fc297bf80cdb2') in 0.024418 seconds
  Import took 0.028942 seconds .

========================================================================
Received Import Request.
  Time since last request: 10.476040 seconds.
  path: Assets/Prefabs/Animal_Doe_02.prefab
  artifactKey: Guid(b03ee08c8e753c6459aeb1486d7f706e) Importer(815301076,1909f56bfc062723c751e8b465ee728b)
Start importing Assets/Prefabs/Animal_Doe_02.prefab using Guid(b03ee08c8e753c6459aeb1486d7f706e) Importer(815301076,1909f56bfc062723c751e8b465ee728b)  -> (artifact id: '1043796ef97fbf0af8200a86cf6ae106') in 0.025348 seconds
  Import took 0.044432 seconds .

========================================================================
Received Import Request.
  Time since last request: 13.391495 seconds.
  path: Assets/Prefabs/Animal_Doe_02.prefab
  artifactKey: Guid(b03ee08c8e753c6459aeb1486d7f706e) Importer(815301076,1909f56bfc062723c751e8b465ee728b)
Start importing Assets/Prefabs/Animal_Doe_02.prefab using Guid(b03ee08c8e753c6459aeb1486d7f706e) Importer(815301076,1909f56bfc062723c751e8b465ee728b)  -> (artifact id: '3bc3e9c84c37122d7922fece78446a5e') in 0.027423 seconds
  Import took 0.085543 seconds .

========================================================================
Received Import Request.
  Time since last request: 7.398093 seconds.
  path: Assets/Prefabs/Animal_Fox_01.prefab
  artifactKey: Guid(e80f2e251c8cc554184b548ef7f13f00) Importer(815301076,1909f56bfc062723c751e8b465ee728b)
Start importing Assets/Prefabs/Animal_Fox_01.prefab using Guid(e80f2e251c8cc554184b548ef7f13f00) Importer(815301076,1909f56bfc062723c751e8b465ee728b)  -> (artifact id: 'd3b222dcc50b4f8b3ae7f43f9f820f2a') in 0.134339 seconds
  Import took 0.138508 seconds .

========================================================================
Received Import Request.
  Time since last request: 1.085106 seconds.
  path: Assets/Prefabs/Animal_Fox_01.prefab
  artifactKey: Guid(e80f2e251c8cc554184b548ef7f13f00) Importer(815301076,1909f56bfc062723c751e8b465ee728b)
Start importing Assets/Prefabs/Animal_Fox_01.prefab using Guid(e80f2e251c8cc554184b548ef7f13f00) Importer(815301076,1909f56bfc062723c751e8b465ee728b)  -> (artifact id: 'b801370c22ea2e5b9c150a74e1e0a8db') in 0.051476 seconds
  Import took 0.056164 seconds .

========================================================================
Received Import Request.
  Time since last request: 4.577329 seconds.
  path: Assets/Prefabs/Animal_Fox_01.prefab
  artifactKey: Guid(e80f2e251c8cc554184b548ef7f13f00) Importer(815301076,1909f56bfc062723c751e8b465ee728b)
Start importing Assets/Prefabs/Animal_Fox_01.prefab using Guid(e80f2e251c8cc554184b548ef7f13f00) Importer(815301076,1909f56bfc062723c751e8b465ee728b)  -> (artifact id: '5447a0674178ad59f83dd693940a1248') in 0.024925 seconds
  Import took 0.028770 seconds .

========================================================================
Received Import Request.
  Time since last request: 5.505676 seconds.
  path: Assets/Prefabs/Animal_Fox_01.prefab
  artifactKey: Guid(e80f2e251c8cc554184b548ef7f13f00) Importer(815301076,1909f56bfc062723c751e8b465ee728b)
Start importing Assets/Prefabs/Animal_Fox_01.prefab using Guid(e80f2e251c8cc554184b548ef7f13f00) Importer(815301076,1909f56bfc062723c751e8b465ee728b)  -> (artifact id: '9eca1a85e294b7922401a42f7a3b4515') in 0.025695 seconds
  Import took 0.030111 seconds .

========================================================================
Received Import Request.
  Time since last request: 2.786427 seconds.
  path: Assets/Prefabs/Animal_Fox_01.prefab
  artifactKey: Guid(e80f2e251c8cc554184b548ef7f13f00) Importer(815301076,1909f56bfc062723c751e8b465ee728b)
Start importing Assets/Prefabs/Animal_Fox_01.prefab using Guid(e80f2e251c8cc554184b548ef7f13f00) Importer(815301076,1909f56bfc062723c751e8b465ee728b)  -> (artifact id: '3277eff58d5bb66050e7a20310e6d241') in 0.025439 seconds
  Import took 0.029399 seconds .

========================================================================
Received Import Request.
  Time since last request: 2.611966 seconds.
  path: Assets/Prefabs/Animal_Fox_01.prefab
  artifactKey: Guid(e80f2e251c8cc554184b548ef7f13f00) Importer(815301076,1909f56bfc062723c751e8b465ee728b)
Start importing Assets/Prefabs/Animal_Fox_01.prefab using Guid(e80f2e251c8cc554184b548ef7f13f00) Importer(815301076,1909f56bfc062723c751e8b465ee728b)  -> (artifact id: '199c8d9a0580ba664c28d81184671273') in 0.026639 seconds
  Import took 0.030369 seconds .

========================================================================
Received Import Request.
  Time since last request: 4.012818 seconds.
  path: Assets/Prefabs/Animal_Fox_01.prefab
  artifactKey: Guid(e80f2e251c8cc554184b548ef7f13f00) Importer(815301076,1909f56bfc062723c751e8b465ee728b)
Start importing Assets/Prefabs/Animal_Fox_01.prefab using Guid(e80f2e251c8cc554184b548ef7f13f00) Importer(815301076,1909f56bfc062723c751e8b465ee728b)  -> (artifact id: '622bcdfb17716241711a506ed86a25dd') in 0.028570 seconds
  Import took 0.032685 seconds .

========================================================================
Received Import Request.
  Time since last request: 5.838835 seconds.
  path: Assets/Prefabs/Animal_Fox_01.prefab
  artifactKey: Guid(e80f2e251c8cc554184b548ef7f13f00) Importer(815301076,1909f56bfc062723c751e8b465ee728b)
Start importing Assets/Prefabs/Animal_Fox_01.prefab using Guid(e80f2e251c8cc554184b548ef7f13f00) Importer(815301076,1909f56bfc062723c751e8b465ee728b)  -> (artifact id: '855007540c495210ced57c9dff640077') in 0.026684 seconds
  Import took 0.030538 seconds .

========================================================================
Received Import Request.
  Time since last request: 4.630018 seconds.
  path: Assets/Prefabs/Animal_Fox_01.prefab
  artifactKey: Guid(e80f2e251c8cc554184b548ef7f13f00) Importer(815301076,1909f56bfc062723c751e8b465ee728b)
Start importing Assets/Prefabs/Animal_Fox_01.prefab using Guid(e80f2e251c8cc554184b548ef7f13f00) Importer(815301076,1909f56bfc062723c751e8b465ee728b)  -> (artifact id: 'd2bec15ffb0f6e4e2b12b7f78fa34960') in 0.027744 seconds
  Import took 0.031505 seconds .

========================================================================
Received Import Request.
  Time since last request: 3.006861 seconds.
  path: Assets/Prefabs/Animal_Fox_01.prefab
  artifactKey: Guid(e80f2e251c8cc554184b548ef7f13f00) Importer(815301076,1909f56bfc062723c751e8b465ee728b)
Start importing Assets/Prefabs/Animal_Fox_01.prefab using Guid(e80f2e251c8cc554184b548ef7f13f00) Importer(815301076,1909f56bfc062723c751e8b465ee728b)  -> (artifact id: '8a25c3ffc472b965b54c289db1468f6f') in 0.029806 seconds
  Import took 0.206104 seconds .

========================================================================
Received Import Request.
  Time since last request: 4.068956 seconds.
  path: Assets/Prefabs/Animal_Fox_01.prefab
  artifactKey: Guid(e80f2e251c8cc554184b548ef7f13f00) Importer(815301076,1909f56bfc062723c751e8b465ee728b)
Start importing Assets/Prefabs/Animal_Fox_01.prefab using Guid(e80f2e251c8cc554184b548ef7f13f00) Importer(815301076,1909f56bfc062723c751e8b465ee728b)  -> (artifact id: 'b9df833caad5b35b23d1d810d6682b5f') in 0.026913 seconds
  Import took 0.030704 seconds .

========================================================================
Received Import Request.
  Time since last request: 6.771585 seconds.
  path: Assets/Prefabs/Animal_Moose_01.prefab
  artifactKey: Guid(625cce8d7eca29b44a314001cff7b702) Importer(815301076,1909f56bfc062723c751e8b465ee728b)
Start importing Assets/Prefabs/Animal_Moose_01.prefab using Guid(625cce8d7eca29b44a314001cff7b702) Importer(815301076,1909f56bfc062723c751e8b465ee728b)  -> (artifact id: '5d810240f6311c2589380a4c71869608') in 0.029363 seconds
  Import took 0.033662 seconds .

========================================================================
Received Import Request.
  Time since last request: 14.862777 seconds.
  path: Assets/Prefabs/Animal_Moose_01.prefab
  artifactKey: Guid(625cce8d7eca29b44a314001cff7b702) Importer(815301076,1909f56bfc062723c751e8b465ee728b)
Start importing Assets/Prefabs/Animal_Moose_01.prefab using Guid(625cce8d7eca29b44a314001cff7b702) Importer(815301076,1909f56bfc062723c751e8b465ee728b)  -> (artifact id: 'd90cfe6c0bd8c9d5cde3d87ffe425a42') in 0.027554 seconds
  Import took 0.031370 seconds .

========================================================================
Received Import Request.
  Time since last request: 3.362926 seconds.
  path: Assets/Prefabs/Animal_Moose_01.prefab
  artifactKey: Guid(625cce8d7eca29b44a314001cff7b702) Importer(815301076,1909f56bfc062723c751e8b465ee728b)
Start importing Assets/Prefabs/Animal_Moose_01.prefab using Guid(625cce8d7eca29b44a314001cff7b702) Importer(815301076,1909f56bfc062723c751e8b465ee728b)  -> (artifact id: 'aa61bee71c73ab772e8d9a41e3fc634b') in 0.024761 seconds
  Import took 0.028592 seconds .

========================================================================
Received Import Request.
  Time since last request: 2.002694 seconds.
  path: Assets/Prefabs/Animal_Moose_01.prefab
  artifactKey: Guid(625cce8d7eca29b44a314001cff7b702) Importer(815301076,1909f56bfc062723c751e8b465ee728b)
Start importing Assets/Prefabs/Animal_Moose_01.prefab using Guid(625cce8d7eca29b44a314001cff7b702) Importer(815301076,1909f56bfc062723c751e8b465ee728b)  -> (artifact id: '8602c5d2affb3ce79d463ce9cb012677') in 0.025993 seconds
  Import took 0.030150 seconds .

========================================================================
Received Import Request.
  Time since last request: 3.747796 seconds.
  path: Assets/Prefabs/Animal_Moose_01.prefab
  artifactKey: Guid(625cce8d7eca29b44a314001cff7b702) Importer(815301076,1909f56bfc062723c751e8b465ee728b)
Start importing Assets/Prefabs/Animal_Moose_01.prefab using Guid(625cce8d7eca29b44a314001cff7b702) Importer(815301076,1909f56bfc062723c751e8b465ee728b)  -> (artifact id: 'b5a2f2f20f63972a2c5f74da20bc2633') in 0.024826 seconds
  Import took 0.028580 seconds .

========================================================================
Received Import Request.
  Time since last request: 1.182652 seconds.
  path: Assets/Prefabs/Animal_Moose_01.prefab
  artifactKey: Guid(625cce8d7eca29b44a314001cff7b702) Importer(815301076,1909f56bfc062723c751e8b465ee728b)
Start importing Assets/Prefabs/Animal_Moose_01.prefab using Guid(625cce8d7eca29b44a314001cff7b702) Importer(815301076,1909f56bfc062723c751e8b465ee728b)  -> (artifact id: '9852df76f22620f1cdcbc9f9d71bfe7b') in 0.024781 seconds
  Import took 0.028612 seconds .

========================================================================
Received Import Request.
  Time since last request: 8.861874 seconds.
  path: Assets/Prefabs/Animal_Moose_01.prefab
  artifactKey: Guid(625cce8d7eca29b44a314001cff7b702) Importer(815301076,1909f56bfc062723c751e8b465ee728b)
Start importing Assets/Prefabs/Animal_Moose_01.prefab using Guid(625cce8d7eca29b44a314001cff7b702) Importer(815301076,1909f56bfc062723c751e8b465ee728b)  -> (artifact id: 'ed968cdd1c90dc925205b17ae4b65f6b') in 0.024134 seconds
  Import took 0.027999 seconds .

========================================================================
Received Import Request.
  Time since last request: 3.622826 seconds.
  path: Assets/Prefabs/Animal_Moose_01.prefab
  artifactKey: Guid(625cce8d7eca29b44a314001cff7b702) Importer(815301076,1909f56bfc062723c751e8b465ee728b)
Start importing Assets/Prefabs/Animal_Moose_01.prefab using Guid(625cce8d7eca29b44a314001cff7b702) Importer(815301076,1909f56bfc062723c751e8b465ee728b)  -> (artifact id: 'a299d61399717f6a205f93897f9ecb88') in 0.025821 seconds
  Import took 0.029764 seconds .

========================================================================
Received Import Request.
  Time since last request: 1.788682 seconds.
  path: Assets/Prefabs/Animal_Moose_01.prefab
  artifactKey: Guid(625cce8d7eca29b44a314001cff7b702) Importer(815301076,1909f56bfc062723c751e8b465ee728b)
Start importing Assets/Prefabs/Animal_Moose_01.prefab using Guid(625cce8d7eca29b44a314001cff7b702) Importer(815301076,1909f56bfc062723c751e8b465ee728b)  -> (artifact id: '3af8dba3de89ee2e70f904d9bb9d2aa6') in 0.027723 seconds
  Import took 0.031417 seconds .

========================================================================
Received Import Request.
  Time since last request: 2.198588 seconds.
  path: Assets/Prefabs/Animal_Moose_01.prefab
  artifactKey: Guid(625cce8d7eca29b44a314001cff7b702) Importer(815301076,1909f56bfc062723c751e8b465ee728b)
Start importing Assets/Prefabs/Animal_Moose_01.prefab using Guid(625cce8d7eca29b44a314001cff7b702) Importer(815301076,1909f56bfc062723c751e8b465ee728b)  -> (artifact id: '5c91280536e4dda59d8d5c4e72227911') in 0.025130 seconds
  Import took 0.028860 seconds .

========================================================================
Received Import Request.
  Time since last request: 17.146905 seconds.
  path: Assets/Prefabs/Animal_Fox_01.prefab
  artifactKey: Guid(e80f2e251c8cc554184b548ef7f13f00) Importer(815301076,1909f56bfc062723c751e8b465ee728b)
Start importing Assets/Prefabs/Animal_Fox_01.prefab using Guid(e80f2e251c8cc554184b548ef7f13f00) Importer(815301076,1909f56bfc062723c751e8b465ee728b)  -> (artifact id: '950832d599b4cb15102d7814d5a0b615') in 0.028413 seconds
  Import took 0.032392 seconds .

========================================================================
Received Import Request.
  Time since last request: 12.178211 seconds.
  path: Assets/Prefabs/Food_Pizza_01.prefab
  artifactKey: Guid(acbb08a0ea22a1144ae32e0794b50aa0) Importer(815301076,1909f56bfc062723c751e8b465ee728b)
Start importing Assets/Prefabs/Food_Pizza_01.prefab using Guid(acbb08a0ea22a1144ae32e0794b50aa0) Importer(815301076,1909f56bfc062723c751e8b465ee728b)  -> (artifact id: '3d533fc5dda8adc4f377eb78b873e026') in 0.020640 seconds
  Import took 0.023876 seconds .

========================================================================
Received Import Request.
  Time since last request: 13.135518 seconds.
  path: Assets/Scripts/DetectCollisions.cs
  artifactKey: Guid(a712952e388f52a44bdef0c579e37f83) Importer(815301076,1909f56bfc062723c751e8b465ee728b)
Start importing Assets/Scripts/DetectCollisions.cs using Guid(a712952e388f52a44bdef0c579e37f83) Importer(815301076,1909f56bfc062723c751e8b465ee728b)  -> (artifact id: '813f0585854573c5793c047a96608501') in 0.011397 seconds
  Import took 0.014661 seconds .

========================================================================
Received Prepare
Registering precompiled user dll's ...
Registered in 0.001529 seconds.
Begin MonoManager ReloadAssembly
Native extension for WindowsStandalone target not found
Refreshing native plugins compatible for Editor in 0.30 ms, found 0 plugins.
Preloading 0 native plugins for Editor in 0.00 ms.
Mono: successfully reloaded assembly
- Completed reload, in  1.354 seconds
Platform modules already initialized, skipping
Refreshing native plugins compatible for Editor in 0.31 ms, found 0 plugins.
Preloading 0 native plugins for Editor in 0.00 ms.
Unloading 1115 Unused Serialized files (Serialized files now loaded: 0)
System memory in use before: 75.0 MB.
System memory in use after: 75.1 MB.

Unloading 5 unused Assets to reduce memory usage. Loaded Objects now: 1633.
Total: 2.740200 ms (FindLiveObjects: 0.203100 ms CreateObjectMapping: 0.055600 ms MarkObjects: 2.408700 ms  DeleteObjects: 0.071400 ms)

========================================================================
Received Prepare
Registering precompiled user dll's ...
Registered in 0.001125 seconds.
Begin MonoManager ReloadAssembly
Native extension for WindowsStandalone target not found
Refreshing native plugins compatible for Editor in 0.29 ms, found 0 plugins.
Preloading 0 native plugins for Editor in 0.00 ms.
Mono: successfully reloaded assembly
- Completed reload, in  1.354 seconds
Platform modules already initialized, skipping
Refreshing native plugins compatible for Editor in 0.31 ms, found 0 plugins.
Preloading 0 native plugins for Editor in 0.00 ms.
Unloading 1115 Unused Serialized files (Serialized files now loaded: 0)
System memory in use before: 75.1 MB.
System memory in use after: 75.1 MB.

Unloading 5 unused Assets to reduce memory usage. Loaded Objects now: 1636.
Total: 2.440800 ms (FindLiveObjects: 0.189200 ms CreateObjectMapping: 0.056300 ms MarkObjects: 2.128300 ms  DeleteObjects: 0.065700 ms)

========================================================================
Received Import Request.
  Time since last request: 55.132390 seconds.
  path: Assets/Scripts/DetectCollisions.cs
  artifactKey: Guid(a712952e388f52a44bdef0c579e37f83) Importer(815301076,1909f56bfc062723c751e8b465ee728b)
Start importing Assets/Scripts/DetectCollisions.cs using Guid(a712952e388f52a44bdef0c579e37f83) Importer(815301076,1909f56bfc062723c751e8b465ee728b)  -> (artifact id: '780dbb32fd5957bb7696ce9923d9ef1e') in 0.005023 seconds
  Import took 0.007767 seconds .

========================================================================
Received Import Request.
  Time since last request: 5.180819 seconds.
  path: Assets/Prefabs/Animal_Doe_02.prefab
  artifactKey: Guid(b03ee08c8e753c6459aeb1486d7f706e) Importer(815301076,1909f56bfc062723c751e8b465ee728b)
Start importing Assets/Prefabs/Animal_Doe_02.prefab using Guid(b03ee08c8e753c6459aeb1486d7f706e) Importer(815301076,1909f56bfc062723c751e8b465ee728b)  -> (artifact id: '446a675b3c2b8c6ca94f1d97939ca638') in 0.110636 seconds
  Import took 0.114442 seconds .

========================================================================
Received Import Request.
  Time since last request: 2.759822 seconds.
  path: Assets/Prefabs/Animal_Fox_01.prefab
  artifactKey: Guid(e80f2e251c8cc554184b548ef7f13f00) Importer(815301076,1909f56bfc062723c751e8b465ee728b)
Start importing Assets/Prefabs/Animal_Fox_01.prefab using Guid(e80f2e251c8cc554184b548ef7f13f00) Importer(815301076,1909f56bfc062723c751e8b465ee728b)  -> (artifact id: 'fa16a00153587755cbb09bf99e7133d2') in 0.025532 seconds
  Import took 0.029314 seconds .

========================================================================
Received Import Request.
  Time since last request: 2.635173 seconds.
  path: Assets/Prefabs/Animal_Moose_01.prefab
  artifactKey: Guid(625cce8d7eca29b44a314001cff7b702) Importer(815301076,1909f56bfc062723c751e8b465ee728b)
Start importing Assets/Prefabs/Animal_Moose_01.prefab using Guid(625cce8d7eca29b44a314001cff7b702) Importer(815301076,1909f56bfc062723c751e8b465ee728b)  -> (artifact id: '201313604a66c11ab5eecb27a7ec213d') in 0.023701 seconds
  Import took 0.027495 seconds .

========================================================================
Received Import Request.
  Time since last request: 116.285611 seconds.
  path: Assets/Scripts/PlayerController.cs
  artifactKey: Guid(3da7f39c62439b9469836cacfdf82f14) Importer(815301076,1909f56bfc062723c751e8b465ee728b)
Start importing Assets/Scripts/PlayerController.cs using Guid(3da7f39c62439b9469836cacfdf82f14) Importer(815301076,1909f56bfc062723c751e8b465ee728b)  -> (artifact id: '0ea0679348e6575ff7cb75a42675c058') in 0.003182 seconds
  Import took 0.006291 seconds .

========================================================================
Received Import Request.
  Time since last request: 0.004818 seconds.
  path: Assets/Scripts/PlayerController.cs
  artifactKey: Guid(3da7f39c62439b9469836cacfdf82f14) Importer(815301076,1909f56bfc062723c751e8b465ee728b)
Start importing Assets/Scripts/PlayerController.cs using Guid(3da7f39c62439b9469836cacfdf82f14) Importer(815301076,1909f56bfc062723c751e8b465ee728b)  -> (artifact id: '0ea0679348e6575ff7cb75a42675c058') in 0.002479 seconds
  Import took 0.005263 seconds .

========================================================================
Received Prepare
Registering precompiled user dll's ...
Registered in 0.001048 seconds.
Begin MonoManager ReloadAssembly
Native extension for WindowsStandalone target not found
Refreshing native plugins compatible for Editor in 0.30 ms, found 0 plugins.
Preloading 0 native plugins for Editor in 0.00 ms.
Mono: successfully reloaded assembly
- Completed reload, in  1.352 seconds
Platform modules already initialized, skipping
Refreshing native plugins compatible for Editor in 0.32 ms, found 0 plugins.
Preloading 0 native plugins for Editor in 0.00 ms.
Unloading 1115 Unused Serialized files (Serialized files now loaded: 0)
System memory in use before: 75.1 MB.
System memory in use after: 75.1 MB.

Unloading 5 unused Assets to reduce memory usage. Loaded Objects now: 1640.
Total: 2.792100 ms (FindLiveObjects: 0.199600 ms CreateObjectMapping: 0.052000 ms MarkObjects: 2.467400 ms  DeleteObjects: 0.071700 ms)

========================================================================
Received Prepare
Registering precompiled user dll's ...
Registered in 0.001167 seconds.
Begin MonoManager ReloadAssembly
Native extension for WindowsStandalone target not found
Refreshing native plugins compatible for Editor in 0.32 ms, found 0 plugins.
Preloading 0 native plugins for Editor in 0.00 ms.
Mono: successfully reloaded assembly
- Completed reload, in  1.323 seconds
Platform modules already initialized, skipping
Refreshing native plugins compatible for Editor in 0.37 ms, found 0 plugins.
Preloading 0 native plugins for Editor in 0.00 ms.
Unloading 1115 Unused Serialized files (Serialized files now loaded: 0)
System memory in use before: 75.1 MB.
System memory in use after: 75.1 MB.

Unloading 5 unused Assets to reduce memory usage. Loaded Objects now: 1643.
Total: 2.434600 ms (FindLiveObjects: 0.189800 ms CreateObjectMapping: 0.052400 ms MarkObjects: 2.117500 ms  DeleteObjects: 0.073500 ms)

========================================================================
Received Import Request.
  Time since last request: 168.288168 seconds.
  path: Assets/Scripts/DestroyOutOfBounds.cs
  artifactKey: Guid(07b72a11b3d04214d98d53ab0f95e768) Importer(815301076,1909f56bfc062723c751e8b465ee728b)
Start importing Assets/Scripts/DestroyOutOfBounds.cs using Guid(07b72a11b3d04214d98d53ab0f95e768) Importer(815301076,1909f56bfc062723c751e8b465ee728b)  -> (artifact id: 'c76eeb1afa4a743045224c3894a4e6f6') in 0.011158 seconds
  Import took 0.014063 seconds .

========================================================================
Received Import Request.
  Time since last request: 0.002646 seconds.
  path: Assets/Scripts/DestroyOutOfBounds.cs
  artifactKey: Guid(07b72a11b3d04214d98d53ab0f95e768) Importer(815301076,1909f56bfc062723c751e8b465ee728b)
Start importing Assets/Scripts/DestroyOutOfBounds.cs using Guid(07b72a11b3d04214d98d53ab0f95e768) Importer(815301076,1909f56bfc062723c751e8b465ee728b)  -> (artifact id: 'c76eeb1afa4a743045224c3894a4e6f6') in 0.002691 seconds
  Import took 0.006170 seconds .

========================================================================
Received Prepare
Registering precompiled user dll's ...
Registered in 0.001110 seconds.
Begin MonoManager ReloadAssembly
Native extension for WindowsStandalone target not found
Refreshing native plugins compatible for Editor in 0.32 ms, found 0 plugins.
Preloading 0 native plugins for Editor in 0.00 ms.
Mono: successfully reloaded assembly
- Completed reload, in  1.350 seconds
Platform modules already initialized, skipping
Refreshing native plugins compatible for Editor in 0.30 ms, found 0 plugins.
Preloading 0 native plugins for Editor in 0.00 ms.
Unloading 1115 Unused Serialized files (Serialized files now loaded: 0)
System memory in use before: 75.1 MB.
System memory in use after: 75.1 MB.

Unloading 5 unused Assets to reduce memory usage. Loaded Objects now: 1646.
Total: 2.925600 ms (FindLiveObjects: 0.208800 ms CreateObjectMapping: 0.054100 ms MarkObjects: 2.567400 ms  DeleteObjects: 0.093300 ms)

========================================================================
Received Import Request.
  Time since last request: 47.156815 seconds.
  path: Assets/Scripts/DestroyOutOfBounds.cs
  artifactKey: Guid(07b72a11b3d04214d98d53ab0f95e768) Importer(815301076,1909f56bfc062723c751e8b465ee728b)
Start importing Assets/Scripts/DestroyOutOfBounds.cs using Guid(07b72a11b3d04214d98d53ab0f95e768) Importer(815301076,1909f56bfc062723c751e8b465ee728b)  -> (artifact id: '5fcad4a3e2d56ce544fdbb4fd03340f4') in 0.009923 seconds
  Import took 0.013688 seconds .

========================================================================
Received Import Request.
  Time since last request: 3.311207 seconds.
  path: Assets/Scripts/DestroyOutOfBounds.cs
  artifactKey: Guid(07b72a11b3d04214d98d53ab0f95e768) Importer(815301076,1909f56bfc062723c751e8b465ee728b)
Start importing Assets/Scripts/DestroyOutOfBounds.cs using Guid(07b72a11b3d04214d98d53ab0f95e768) Importer(815301076,1909f56bfc062723c751e8b465ee728b)  -> (artifact id: '5fcad4a3e2d56ce544fdbb4fd03340f4') in 0.002881 seconds
  Import took 0.006642 seconds .

========================================================================
Received Prepare
Registering precompiled user dll's ...
Registered in 0.001055 seconds.
Begin MonoManager ReloadAssembly
Native extension for WindowsStandalone target not found
Refreshing native plugins compatible for Editor in 0.31 ms, found 0 plugins.
Preloading 0 native plugins for Editor in 0.00 ms.
Mono: successfully reloaded assembly
- Completed reload, in  1.322 seconds
Platform modules already initialized, skipping
Refreshing native plugins compatible for Editor in 0.30 ms, found 0 plugins.
Preloading 0 native plugins for Editor in 0.00 ms.
Unloading 1115 Unused Serialized files (Serialized files now loaded: 0)
System memory in use before: 75.1 MB.
System memory in use after: 75.1 MB.

Unloading 5 unused Assets to reduce memory usage. Loaded Objects now: 1649.
Total: 2.802100 ms (FindLiveObjects: 0.192300 ms CreateObjectMapping: 0.051100 ms MarkObjects: 2.485500 ms  DeleteObjects: 0.071800 ms)

========================================================================
Received Prepare
Registering precompiled user dll's ...
Registered in 0.001106 seconds.
Begin MonoManager ReloadAssembly
Native extension for WindowsStandalone target not found
Refreshing native plugins compatible for Editor in 0.30 ms, found 0 plugins.
Preloading 0 native plugins for Editor in 0.00 ms.
Mono: successfully reloaded assembly
- Completed reload, in  1.342 seconds
Platform modules already initialized, skipping
Refreshing native plugins compatible for Editor in 0.30 ms, found 0 plugins.
Preloading 0 native plugins for Editor in 0.00 ms.
Unloading 1115 Unused Serialized files (Serialized files now loaded: 0)
System memory in use before: 75.1 MB.
System memory in use after: 75.1 MB.

Unloading 5 unused Assets to reduce memory usage. Loaded Objects now: 1652.
Total: 2.879900 ms (FindLiveObjects: 0.219000 ms CreateObjectMapping: 0.063200 ms MarkObjects: 2.514900 ms  DeleteObjects: 0.081200 ms)

========================================================================
Received Prepare
Registering precompiled user dll's ...
Registered in 0.001093 seconds.
Begin MonoManager ReloadAssembly
Native extension for WindowsStandalone target not found
Refreshing native plugins compatible for Editor in 0.31 ms, found 0 plugins.
Preloading 0 native plugins for Editor in 0.00 ms.
Mono: successfully reloaded assembly
- Completed reload, in  1.413 seconds
Platform modules already initialized, skipping
Refreshing native plugins compatible for Editor in 0.29 ms, found 0 plugins.
Preloading 0 native plugins for Editor in 0.00 ms.
Unloading 1115 Unused Serialized files (Serialized files now loaded: 0)
System memory in use before: 75.1 MB.
System memory in use after: 75.2 MB.

Unloading 5 unused Assets to reduce memory usage. Loaded Objects now: 1655.
Total: 2.796000 ms (FindLiveObjects: 0.210100 ms CreateObjectMapping: 0.064200 ms MarkObjects: 2.445900 ms  DeleteObjects: 0.074500 ms)

========================================================================
Received Prepare
Registering precompiled user dll's ...
Registered in 0.001126 seconds.
Begin MonoManager ReloadAssembly
Native extension for WindowsStandalone target not found
Refreshing native plugins compatible for Editor in 0.31 ms, found 0 plugins.
Preloading 0 native plugins for Editor in 0.00 ms.
Mono: successfully reloaded assembly
- Completed reload, in  1.287 seconds
Platform modules already initialized, skipping
Refreshing native plugins compatible for Editor in 0.37 ms, found 0 plugins.
Preloading 0 native plugins for Editor in 0.00 ms.
Unloading 1115 Unused Serialized files (Serialized files now loaded: 0)
System memory in use before: 75.1 MB.
System memory in use after: 75.2 MB.

Unloading 5 unused Assets to reduce memory usage. Loaded Objects now: 1658.
Total: 2.997700 ms (FindLiveObjects: 0.254100 ms CreateObjectMapping: 0.087100 ms MarkObjects: 2.519100 ms  DeleteObjects: 0.135800 ms)

========================================================================
Received Import Request.
  Time since last request: 398.657930 seconds.
  path: Assets/Prefabs/Food_Pizza_01.prefab
  artifactKey: Guid(acbb08a0ea22a1144ae32e0794b50aa0) Importer(815301076,1909f56bfc062723c751e8b465ee728b)
Start importing Assets/Prefabs/Food_Pizza_01.prefab using Guid(acbb08a0ea22a1144ae32e0794b50aa0) Importer(815301076,1909f56bfc062723c751e8b465ee728b)  -> (artifact id: '27c6f17171c09aded9a8bfb3e205d67c') in 0.194644 seconds
  Import took 0.198366 seconds .

========================================================================
Received Prepare
Registering precompiled user dll's ...
Registered in 0.001101 seconds.
Begin MonoManager ReloadAssembly
Native extension for WindowsStandalone target not found
Refreshing native plugins compatible for Editor in 0.31 ms, found 0 plugins.
Preloading 0 native plugins for Editor in 0.00 ms.
Mono: successfully reloaded assembly
- Completed reload, in  1.373 seconds
Platform modules already initialized, skipping
Refreshing native plugins compatible for Editor in 0.29 ms, found 0 plugins.
Preloading 0 native plugins for Editor in 0.00 ms.
Unloading 1115 Unused Serialized files (Serialized files now loaded: 0)
System memory in use before: 75.1 MB.
System memory in use after: 75.2 MB.

Unloading 5 unused Assets to reduce memory usage. Loaded Objects now: 1662.
Total: 2.611500 ms (FindLiveObjects: 0.174900 ms CreateObjectMapping: 0.051600 ms MarkObjects: 2.315300 ms  DeleteObjects: 0.068500 ms)

========================================================================
Received Prepare
Registering precompiled user dll's ...
Registered in 0.001065 seconds.
Begin MonoManager ReloadAssembly
Native extension for WindowsStandalone target not found
Refreshing native plugins compatible for Editor in 0.33 ms, found 0 plugins.
Preloading 0 native plugins for Editor in 0.00 ms.
Mono: successfully reloaded assembly
- Completed reload, in  1.496 seconds
Platform modules already initialized, skipping
Refreshing native plugins compatible for Editor in 0.31 ms, found 0 plugins.
Preloading 0 native plugins for Editor in 0.00 ms.
Unloading 1115 Unused Serialized files (Serialized files now loaded: 0)
System memory in use before: 75.1 MB.
System memory in use after: 75.2 MB.

Unloading 5 unused Assets to reduce memory usage. Loaded Objects now: 1665.
Total: 2.447100 ms (FindLiveObjects: 0.179100 ms CreateObjectMapping: 0.050200 ms MarkObjects: 2.146700 ms  DeleteObjects: 0.069400 ms)

AssetImportWorkerClient::OnTransportError - code=2 error=End of file
